[2026-02-27 23:49:45,690] [ERROR] [json_handler] 写入 JSON 文件失败: [Errno 13] Permission denied: 'data/meta_data/comics_database.json'
[2026-02-27 23:50:15,381] [ERROR] [json_handler] 写入 JSON 文件失败: [Errno 13] Permission denied: 'data/meta_data/comics_database.json'
[2026-02-27 23:50:16,538] [ERROR] [json_handler] 写入 JSON 文件失败: [Errno 13] Permission denied: 'data/meta_data/comics_database.json'
[2026-02-27 23:50:17,698] [ERROR] [json_handler] 写入 JSON 文件失败: [Errno 13] Permission denied: 'data/meta_data/comics_database.json'
[2026-02-27 23:50:45,485] [ERROR] [json_handler] 写入 JSON 文件失败: [Errno 13] Permission denied: 'data/meta_data/comics_database.json'
[2026-02-27 23:51:44,809] [ERROR] [json_handler] 写入 JSON 文件失败: [Errno 13] Permission denied: 'data/meta_data/comics_database.json'
[2026-02-27 23:51:46,070] [ERROR] [json_handler] 写入 JSON 文件失败: [Errno 13] Permission denied: 'data/meta_data/comics_database.json'
[2026-02-27 23:51:47,708] [ERROR] [json_handler] JSON 文件损坏: Expecting value: line 1 column 1 (char 0)
[2026-02-27 23:51:47,742] [ERROR] [json_handler] 写入 JSON 文件失败: [Errno 13] Permission denied: 'data/meta_data/comics_database.json'
[2026-02-27 23:56:00,775] [ERROR] [json_handler] 权限错误 (尝试 1/3): [WinError 5] 拒绝访问。: 'D:\\code\\ULTIMATE_WEB\\comic_backend\\data\\meta_data\\comic_db_in7muql3.json' -> 'data/meta_data/comics_database.json'
[2026-02-27 23:56:01,281] [ERROR] [json_handler] 权限错误 (尝试 1/3): [WinError 5] 拒绝访问。: 'D:\\code\\ULTIMATE_WEB\\comic_backend\\data\\meta_data\\comic_db_4xodv9z2.json' -> 'data/meta_data/comics_database.json'
[2026-02-28 00:02:59,981] [ERROR] [json_handler] 权限错误 (尝试 1/3): [WinError 5] 拒绝访问。: 'D:\\code\\ULTIMATE_WEB\\comic_backend\\data\\meta_data\\comic_db_ij25pfkv.json' -> 'data/meta_data/comics_database.json'
[2026-02-28 00:03:49,868] [ERROR] [json_handler] 权限错误 (尝试 1/3): [WinError 5] 拒绝访问。: 'D:\\code\\ULTIMATE_WEB\\comic_backend\\data\\meta_data\\comic_db__zea_es5.json' -> 'data/meta_data/comics_database.json'
[2026-02-28 00:03:50,479] [ERROR] [json_handler] 权限错误 (尝试 1/3): [WinError 5] 拒绝访问。: 'D:\\code\\ULTIMATE_WEB\\comic_backend\\data\\meta_data\\comic_db__lt2k6od.json' -> 'data/meta_data/comics_database.json'
[2026-02-28 00:03:50,695] [ERROR] [json_handler] 读取 JSON 文件失败: [Errno 9] Bad file descriptor
[2026-02-28 00:03:50,699] [ERROR] [json_handler] 权限错误 (尝试 2/3): [WinError 5] 拒绝访问。: 'D:\\code\\ULTIMATE_WEB\\comic_backend\\data\\meta_data\\comic_db_nvztir72.json' -> 'data/meta_data/comics_database.json'
[2026-02-28 00:03:51,001] [ERROR] [json_handler] 权限错误 (尝试 1/3): [WinError 5] 拒绝访问。: 'D:\\code\\ULTIMATE_WEB\\comic_backend\\data\\meta_data\\comic_db_jyc225ns.json' -> 'data/meta_data/comics_database.json'
[2026-02-28 00:03:51,478] [ERROR] [json_handler] 权限错误 (尝试 1/3): [WinError 5] 拒绝访问。: 'D:\\code\\ULTIMATE_WEB\\comic_backend\\data\\meta_data\\comic_db_8mgjtde0.json' -> 'data/meta_data/comics_database.json'
[2026-02-28 00:03:52,342] [ERROR] [json_handler] 权限错误 (尝试 1/3): [WinError 5] 拒绝访问。: 'D:\\code\\ULTIMATE_WEB\\comic_backend\\data\\meta_data\\comic_db_pcfgekq1.json' -> 'data/meta_data/comics_database.json'
[2026-02-28 00:03:53,081] [ERROR] [json_handler] 权限错误 (尝试 1/3): [WinError 5] 拒绝访问。: 'D:\\code\\ULTIMATE_WEB\\comic_backend\\data\\meta_data\\comic_db_i4_m8hpg.json' -> 'data/meta_data/comics_database.json'
[2026-02-28 00:05:22,593] [ERROR] [json_handler] 权限错误 (尝试 1/3): [WinError 5] 拒绝访问。: 'D:\\code\\ULTIMATE_WEB\\comic_backend\\data\\meta_data\\comic_db_iegdjwch.json' -> 'data/meta_data/comics_database.json'
[2026-02-28 00:06:13,031] [ERROR] [json_handler] 权限错误 (尝试 1/3): [WinError 5] 拒绝访问。: 'D:\\code\\ULTIMATE_WEB\\comic_backend\\data\\meta_data\\comic_db_s594w6b7.json' -> 'data/meta_data/comics_database.json'
[2026-02-28 00:06:20,150] [ERROR] [json_handler] 权限错误 (尝试 1/3): [WinError 5] 拒绝访问。: 'D:\\code\\ULTIMATE_WEB\\comic_backend\\data\\meta_data\\comic_db_fet4f41l.json' -> 'data/meta_data/comics_database.json'
[2026-02-28 00:07:24,186] [ERROR] [json_handler] 权限错误 (尝试 1/3): [WinError 5] 拒绝访问。: 'D:\\code\\ULTIMATE_WEB\\comic_backend\\data\\meta_data\\comic_db_11jmqfz_.json' -> 'data/meta_data/comics_database.json'
[2026-02-28 00:07:24,637] [ERROR] [json_handler] 删除锁文件失败: [WinError 2] 系统找不到指定的文件。: 'data/meta_data/comics_database.json.lock'
[2026-02-28 00:07:24,637] [ERROR] [json_handler] 权限错误 (尝试 1/3): [WinError 5] 拒绝访问。: 'D:\\code\\ULTIMATE_WEB\\comic_backend\\data\\meta_data\\comic_db_pvir1dob.json' -> 'data/meta_data/comics_database.json'
[2026-02-28 00:07:25,605] [ERROR] [json_handler] 读取 JSON 文件失败: [Errno 9] Bad file descriptor
[2026-02-28 00:07:25,609] [ERROR] [json_handler] 权限错误 (尝试 1/3): [WinError 5] 拒绝访问。: 'D:\\code\\ULTIMATE_WEB\\comic_backend\\data\\meta_data\\comic_db_i4vfkjmq.json' -> 'data/meta_data/comics_database.json'
[2026-02-28 00:07:30,387] [ERROR] [json_handler] 权限错误 (尝试 1/3): [WinError 5] 拒绝访问。: 'D:\\code\\ULTIMATE_WEB\\comic_backend\\data\\meta_data\\comic_db_sobpo5q5.json' -> 'data/meta_data/comics_database.json'
[2026-02-28 00:07:31,279] [ERROR] [json_handler] 权限错误 (尝试 1/3): [WinError 5] 拒绝访问。: 'D:\\code\\ULTIMATE_WEB\\comic_backend\\data\\meta_data\\comic_db_5ue0qdxz.json' -> 'data/meta_data/comics_database.json'
[2026-02-28 00:07:32,362] [ERROR] [json_handler] 权限错误 (尝试 1/3): [WinError 5] 拒绝访问。: 'D:\\code\\ULTIMATE_WEB\\comic_backend\\data\\meta_data\\comic_db__6aybvsj.json' -> 'data/meta_data/comics_database.json'
[2026-02-28 00:07:33,108] [ERROR] [json_handler] 权限错误 (尝试 1/3): [WinError 5] 拒绝访问。: 'D:\\code\\ULTIMATE_WEB\\comic_backend\\data\\meta_data\\comic_db_3nxnqoid.json' -> 'data/meta_data/comics_database.json'
[2026-02-28 00:07:42,241] [ERROR] [json_handler] 权限错误 (尝试 1/3): [WinError 5] 拒绝访问。: 'D:\\code\\ULTIMATE_WEB\\comic_backend\\data\\meta_data\\comic_db_0e8e5o3k.json' -> 'data/meta_data/comics_database.json'
[2026-02-28 00:07:43,015] [ERROR] [json_handler] 权限错误 (尝试 1/3): [WinError 5] 拒绝访问。: 'D:\\code\\ULTIMATE_WEB\\comic_backend\\data\\meta_data\\comic_db_vldjhavf.json' -> 'data/meta_data/comics_database.json'
[2026-02-28 00:12:47,340] [ERROR] [json_handler] 权限错误 (尝试 1/3): [WinError 5] 拒绝访问。: 'D:\\code\\ULTIMATE_WEB\\comic_backend\\data\\meta_data\\comic_db_tdw8hs9x.json' -> 'data/meta_data/comics_database.json'
[2026-02-28 00:12:48,656] [ERROR] [json_handler] 权限错误 (尝试 1/3): [WinError 5] 拒绝访问。: 'D:\\code\\ULTIMATE_WEB\\comic_backend\\data\\meta_data\\comic_db_j58oivdx.json' -> 'data/meta_data/comics_database.json'
[2026-02-28 00:12:50,702] [ERROR] [json_handler] 权限错误 (尝试 1/3): [WinError 5] 拒绝访问。: 'D:\\code\\ULTIMATE_WEB\\comic_backend\\data\\meta_data\\comic_db_a0wmwjx1.json' -> 'data/meta_data/comics_database.json'
[2026-02-28 00:12:51,562] [ERROR] [json_handler] 权限错误 (尝试 1/3): [WinError 5] 拒绝访问。: 'D:\\code\\ULTIMATE_WEB\\comic_backend\\data\\meta_data\\comic_db_2ublqnmr.json' -> 'data/meta_data/comics_database.json'
[2026-02-28 00:12:52,176] [ERROR] [json_handler] 权限错误 (尝试 1/3): [WinError 5] 拒绝访问。: 'D:\\code\\ULTIMATE_WEB\\comic_backend\\data\\meta_data\\comic_db_q2gdge5v.json' -> 'data/meta_data/comics_database.json'
[2026-02-28 00:13:42,490] [ERROR] [json_handler] 权限错误 (尝试 1/3): [WinError 5] 拒绝访问。: 'D:\\code\\ULTIMATE_WEB\\comic_backend\\data\\meta_data\\comic_db_7pjlkdia.json' -> 'data/meta_data/comics_database.json'
[2026-02-28 00:18:12,903] [ERROR] [json_handler] 权限错误 (尝试 1/3): [WinError 5] 拒绝访问。: 'D:\\code\\ULTIMATE_WEB\\comic_backend\\data\\meta_data\\comic_db_kj04a8hp.json' -> 'data/meta_data/comics_database.json'
[2026-02-28 00:18:15,176] [ERROR] [json_handler] 权限错误 (尝试 1/3): [WinError 5] 拒绝访问。: 'D:\\code\\ULTIMATE_WEB\\comic_backend\\data\\meta_data\\comic_db_unt6m007.json' -> 'data/meta_data/comics_database.json'
[2026-02-28 00:18:19,097] [ERROR] [json_handler] 权限错误 (尝试 1/3): [WinError 5] 拒绝访问。: 'D:\\code\\ULTIMATE_WEB\\comic_backend\\data\\meta_data\\comic_db_j0t_qsgh.json' -> 'data/meta_data/comics_database.json'
[2026-02-28 00:18:19,118] [ERROR] [json_handler] 权限错误 (尝试 1/3): [WinError 5] 拒绝访问。: 'D:\\code\\ULTIMATE_WEB\\comic_backend\\data\\meta_data\\comic_db_5hr4417o.json' -> 'data/meta_data/comics_database.json'
[2026-02-28 00:18:19,118] [ERROR] [json_handler] 读取 JSON 文件失败: [Errno 9] Bad file descriptor
[2026-02-28 00:18:19,195] [ERROR] [json_handler] 权限错误 (尝试 1/3): [WinError 5] 拒绝访问。: 'D:\\code\\ULTIMATE_WEB\\comic_backend\\data\\meta_data\\comic_db_c_fvfheg.json' -> 'data/meta_data/comics_database.json'
[2026-02-28 00:18:20,555] [ERROR] [json_handler] 权限错误 (尝试 1/3): [WinError 5] 拒绝访问。: 'D:\\code\\ULTIMATE_WEB\\comic_backend\\data\\meta_data\\comic_db_0nm81wi9.json' -> 'data/meta_data/comics_database.json'
[2026-02-28 00:24:48,734] [ERROR] [json_handler] 权限错误 (尝试 1/3): [WinError 5] 拒绝访问。: 'D:\\code\\ULTIMATE_WEB\\comic_backend\\data\\meta_data\\comic_db_c1d5b53v.json' -> 'data/meta_data/comics_database.json'
[2026-02-28 00:24:48,744] [ERROR] [json_handler] 权限错误 (尝试 1/3): [WinError 5] 拒绝访问。: 'D:\\code\\ULTIMATE_WEB\\comic_backend\\data\\meta_data\\comic_db_pbmmc74p.json' -> 'data/meta_data/comics_database.json'
[2026-02-28 00:24:48,753] [ERROR] [json_handler] 读取 JSON 文件失败: [Errno 9] Bad file descriptor
[2026-02-28 00:25:02,091] [ERROR] [json_handler] 权限错误 (尝试 1/3): [WinError 5] 拒绝访问。: 'D:\\code\\ULTIMATE_WEB\\comic_backend\\data\\meta_data\\comic_db_l9f0y0h_.json' -> 'data/meta_data/comics_database.json'
[2026-02-28 00:25:04,814] [ERROR] [json_handler] 权限错误 (尝试 1/3): [WinError 5] 拒绝访问。: 'D:\\code\\ULTIMATE_WEB\\comic_backend\\data\\meta_data\\comic_db_3wnb5it9.json' -> 'data/meta_data/comics_database.json'
[2026-02-28 00:25:05,064] [ERROR] [json_handler] 权限错误 (尝试 1/3): [WinError 5] 拒绝访问。: 'D:\\code\\ULTIMATE_WEB\\comic_backend\\data\\meta_data\\comic_db_5vvtovau.json' -> 'data/meta_data/comics_database.json'
[2026-02-28 00:25:07,192] [ERROR] [json_handler] 权限错误 (尝试 1/3): [WinError 5] 拒绝访问。: 'D:\\code\\ULTIMATE_WEB\\comic_backend\\data\\meta_data\\comic_db_cy2o_ukl.json' -> 'data/meta_data/comics_database.json'
[2026-02-28 00:25:08,071] [ERROR] [json_handler] 权限错误 (尝试 1/3): [WinError 5] 拒绝访问。: 'D:\\code\\ULTIMATE_WEB\\comic_backend\\data\\meta_data\\comic_db_tb_sa4k8.json' -> 'data/meta_data/comics_database.json'
[2026-02-28 00:25:08,282] [ERROR] [json_handler] 权限错误 (尝试 1/3): [WinError 5] 拒绝访问。: 'D:\\code\\ULTIMATE_WEB\\comic_backend\\data\\meta_data\\comic_db_8sfxk4dj.json' -> 'data/meta_data/comics_database.json'
[2026-02-28 00:29:15,955] [ERROR] [json_handler] 权限错误 (尝试 1/3): [WinError 5] 拒绝访问。: 'D:\\code\\ULTIMATE_WEB\\comic_backend\\data\\meta_data\\comic_db_yw47loty.json' -> 'data/meta_data/comics_database.json'
[2026-02-28 00:29:16,702] [ERROR] [json_handler] 读取 JSON 文件失败: [Errno 13] Permission denied: 'data/meta_data/comics_database.json'
[2026-02-28 00:29:17,042] [ERROR] [json_handler] 权限错误 (尝试 1/3): [WinError 5] 拒绝访问。: 'D:\\code\\ULTIMATE_WEB\\comic_backend\\data\\meta_data\\comic_db_e6d0rkdh.json' -> 'data/meta_data/comics_database.json'
[2026-02-28 00:29:19,476] [ERROR] [json_handler] 权限错误 (尝试 1/3): [WinError 5] 拒绝访问。: 'D:\\code\\ULTIMATE_WEB\\comic_backend\\data\\meta_data\\comic_db_g6sqa1ex.json' -> 'data/meta_data/comics_database.json'
[2026-02-28 00:29:21,042] [ERROR] [json_handler] 权限错误 (尝试 1/3): [WinError 5] 拒绝访问。: 'D:\\code\\ULTIMATE_WEB\\comic_backend\\data\\meta_data\\comic_db_7qc64e8m.json' -> 'data/meta_data/comics_database.json'
[2026-02-28 00:29:23,501] [ERROR] [json_handler] 权限错误 (尝试 1/3): [WinError 5] 拒绝访问。: 'D:\\code\\ULTIMATE_WEB\\comic_backend\\data\\meta_data\\comic_db_54dxhn1m.json' -> 'data/meta_data/comics_database.json'
[2026-02-28 00:32:16,365] [ERROR] [json_handler] 权限错误 (尝试 1/3): [WinError 5] 拒绝访问。: 'D:\\code\\ULTIMATE_WEB\\comic_backend\\data\\meta_data\\comic_db_0zcbbbgs.json' -> 'data/meta_data/comics_database.json'
[2026-02-28 00:32:19,548] [ERROR] [json_handler] 权限错误 (尝试 1/3): [WinError 5] 拒绝访问。: 'D:\\code\\ULTIMATE_WEB\\comic_backend\\data\\meta_data\\comic_db_ae5b5wa1.json' -> 'data/meta_data/comics_database.json'
[2026-02-28 00:32:20,737] [ERROR] [json_handler] 权限错误 (尝试 1/3): [WinError 5] 拒绝访问。: 'D:\\code\\ULTIMATE_WEB\\comic_backend\\data\\meta_data\\comic_db_nrxvommf.json' -> 'data/meta_data/comics_database.json'
[2026-02-28 00:35:01,695] [ERROR] [json_handler] 权限错误 (尝试 1/3): [WinError 5] 拒绝访问。: 'D:\\code\\ULTIMATE_WEB\\comic_backend\\data\\meta_data\\comic_db_6tckloth.json' -> 'data/meta_data/comics_database.json'
[2026-02-28 00:35:01,902] [ERROR] [json_handler] 权限错误 (尝试 2/3): [WinError 5] 拒绝访问。: 'D:\\code\\ULTIMATE_WEB\\comic_backend\\data\\meta_data\\comic_db_7dsr4_2r.json' -> 'data/meta_data/comics_database.json'
[2026-02-28 00:35:02,293] [ERROR] [json_handler] 权限错误 (尝试 1/3): [WinError 5] 拒绝访问。: 'D:\\code\\ULTIMATE_WEB\\comic_backend\\data\\meta_data\\comic_db_9wo1s37i.json' -> 'data/meta_data/comics_database.json'
[2026-02-28 00:35:02,297] [ERROR] [json_handler] 删除锁文件失败: [WinError 32] 另一个程序正在使用此文件，进程无法访问。: 'data/meta_data/comics_database.json.lock'
[2026-02-28 00:35:02,297] [ERROR] [json_handler] 权限错误 (尝试 1/3): [WinError 5] 拒绝访问。: 'D:\\code\\ULTIMATE_WEB\\comic_backend\\data\\meta_data\\comic_db_qutvwloc.json' -> 'data/meta_data/comics_database.json'
[2026-02-28 00:35:09,158] [ERROR] [json_handler] 权限错误 (尝试 1/3): [WinError 5] 拒绝访问。: 'D:\\code\\ULTIMATE_WEB\\comic_backend\\data\\meta_data\\comic_db_dh_kebnz.json' -> 'data/meta_data/comics_database.json'
[2026-02-28 00:35:09,655] [ERROR] [json_handler] 权限错误 (尝试 1/3): [WinError 5] 拒绝访问。: 'D:\\code\\ULTIMATE_WEB\\comic_backend\\data\\meta_data\\comic_db_2a0jb7sv.json' -> 'data/meta_data/comics_database.json'
[2026-02-28 00:35:50,404] [ERROR] [json_handler] 权限错误 (尝试 1/3): [WinError 5] 拒绝访问。: 'D:\\code\\ULTIMATE_WEB\\comic_backend\\data\\meta_data\\comic_db_p3ejee32.json' -> 'data/meta_data/comics_database.json'
[2026-02-28 00:35:51,709] [ERROR] [json_handler] 权限错误 (尝试 1/3): [WinError 5] 拒绝访问。: 'D:\\code\\ULTIMATE_WEB\\comic_backend\\data\\meta_data\\comic_db_87pftqk6.json' -> 'data/meta_data/comics_database.json'
[2026-02-28 00:35:58,419] [ERROR] [json_handler] 权限错误 (尝试 1/3): [WinError 5] 拒绝访问。: 'D:\\code\\ULTIMATE_WEB\\comic_backend\\data\\meta_data\\comic_db_8_nin0se.json' -> 'data/meta_data/comics_database.json'
[2026-02-28 00:35:58,635] [ERROR] [json_handler] 权限错误 (尝试 2/3): [WinError 5] 拒绝访问。: 'D:\\code\\ULTIMATE_WEB\\comic_backend\\data\\meta_data\\comic_db_tx7so895.json' -> 'data/meta_data/comics_database.json'
[2026-02-28 00:35:59,685] [ERROR] [json_handler] 权限错误 (尝试 1/3): [WinError 5] 拒绝访问。: 'D:\\code\\ULTIMATE_WEB\\comic_backend\\data\\meta_data\\comic_db_30bmsufu.json' -> 'data/meta_data/comics_database.json'
[2026-02-28 00:42:22,188] [ERROR] [json_handler] 权限错误 (尝试 1/3): [WinError 5] 拒绝访问。: 'D:\\code\\ULTIMATE_WEB\\comic_backend\\data\\meta_data\\comic_db_y8cgd6k1.json' -> 'data/meta_data/comics_database.json'
[2026-02-28 00:42:22,189] [ERROR] [json_handler] 权限错误 (尝试 1/3): [WinError 5] 拒绝访问。: 'D:\\code\\ULTIMATE_WEB\\comic_backend\\data\\meta_data\\comic_db_o8fvt7x8.json' -> 'data/meta_data/comics_database.json'
[2026-02-28 00:42:23,117] [ERROR] [json_handler] 权限错误 (尝试 1/3): [WinError 5] 拒绝访问。: 'D:\\code\\ULTIMATE_WEB\\comic_backend\\data\\meta_data\\comic_db_7132fa6a.json' -> 'data/meta_data/comics_database.json'
[2026-02-28 00:42:23,166] [ERROR] [json_handler] 权限错误 (尝试 1/3): [WinError 5] 拒绝访问。: 'D:\\code\\ULTIMATE_WEB\\comic_backend\\data\\meta_data\\comic_db_5mu_89e5.json' -> 'data/meta_data/comics_database.json'
[2026-02-28 00:42:23,700] [ERROR] [json_handler] 权限错误 (尝试 1/3): [WinError 5] 拒绝访问。: 'D:\\code\\ULTIMATE_WEB\\comic_backend\\data\\meta_data\\comic_db_tr179o66.json' -> 'data/meta_data/comics_database.json'
[2026-02-28 00:42:29,348] [ERROR] [json_handler] 权限错误 (尝试 1/3): [WinError 5] 拒绝访问。: 'D:\\code\\ULTIMATE_WEB\\comic_backend\\data\\meta_data\\comic_db_ecntpb_m.json' -> 'data/meta_data/comics_database.json'
[2026-02-28 00:42:29,562] [ERROR] [json_handler] 权限错误 (尝试 2/3): [WinError 5] 拒绝访问。: 'D:\\code\\ULTIMATE_WEB\\comic_backend\\data\\meta_data\\comic_db_tm7t0znp.json' -> 'data/meta_data/comics_database.json'
[2026-02-28 00:42:31,193] [ERROR] [json_handler] 权限错误 (尝试 1/3): [WinError 5] 拒绝访问。: 'D:\\code\\ULTIMATE_WEB\\comic_backend\\data\\meta_data\\comic_db_r1ox7nng.json' -> 'data/meta_data/comics_database.json'
[2026-02-28 00:42:31,655] [ERROR] [json_handler] 权限错误 (尝试 1/3): [WinError 5] 拒绝访问。: 'D:\\code\\ULTIMATE_WEB\\comic_backend\\data\\meta_data\\comic_db_4aip74bl.json' -> 'data/meta_data/comics_database.json'
[2026-02-28 00:42:32,099] [ERROR] [json_handler] 权限错误 (尝试 1/3): [WinError 5] 拒绝访问。: 'D:\\code\\ULTIMATE_WEB\\comic_backend\\data\\meta_data\\comic_db_c76118js.json' -> 'data/meta_data/comics_database.json'
[2026-02-28 00:42:32,214] [ERROR] [json_handler] 权限错误 (尝试 1/3): [WinError 5] 拒绝访问。: 'D:\\code\\ULTIMATE_WEB\\comic_backend\\data\\meta_data\\comic_db_su2d_kzu.json' -> 'data/meta_data/comics_database.json'
[2026-02-28 00:42:52,403] [ERROR] [json_handler] 权限错误 (尝试 1/3): [WinError 5] 拒绝访问。: 'D:\\code\\ULTIMATE_WEB\\comic_backend\\data\\meta_data\\comic_db_j9nrvrhf.json' -> 'data/meta_data/comics_database.json'
[2026-02-28 00:42:59,379] [ERROR] [json_handler] 权限错误 (尝试 1/3): [WinError 5] 拒绝访问。: 'D:\\code\\ULTIMATE_WEB\\comic_backend\\data\\meta_data\\comic_db_wmhg_2b6.json' -> 'data/meta_data/comics_database.json'
[2026-02-28 00:43:15,439] [ERROR] [json_handler] 权限错误 (尝试 1/3): [WinError 5] 拒绝访问。: 'D:\\code\\ULTIMATE_WEB\\comic_backend\\data\\meta_data\\comic_db_0_a3mmpx.json' -> 'data/meta_data/comics_database.json'
[2026-02-28 00:43:32,524] [ERROR] [json_handler] 权限错误 (尝试 1/3): [WinError 5] 拒绝访问。: 'D:\\code\\ULTIMATE_WEB\\comic_backend\\data\\meta_data\\comic_db_5n2xnhyv.json' -> 'data/meta_data/comics_database.json'
[2026-02-28 00:43:45,148] [ERROR] [json_handler] 权限错误 (尝试 1/3): [WinError 5] 拒绝访问。: 'D:\\code\\ULTIMATE_WEB\\comic_backend\\data\\meta_data\\comic_db_otyx032c.json' -> 'data/meta_data/comics_database.json'
[2026-02-28 00:43:45,254] [ERROR] [json_handler] 权限错误 (尝试 1/3): [WinError 5] 拒绝访问。: 'D:\\code\\ULTIMATE_WEB\\comic_backend\\data\\meta_data\\comic_db_yzai1gye.json' -> 'data/meta_data/comics_database.json'
[2026-02-28 00:44:30,288] [ERROR] [json_handler] 权限错误 (尝试 1/3): [WinError 5] 拒绝访问。: 'D:\\code\\ULTIMATE_WEB\\comic_backend\\data\\meta_data\\comic_db_haqmkvp3.json' -> 'data/meta_data/comics_database.json'
[2026-02-28 00:44:30,601] [ERROR] [json_handler] 权限错误 (尝试 1/3): [WinError 5] 拒绝访问。: 'D:\\code\\ULTIMATE_WEB\\comic_backend\\data\\meta_data\\comic_db_gs3efbtb.json' -> 'data/meta_data/comics_database.json'
[2026-02-28 00:44:30,606] [ERROR] [json_handler] 权限错误 (尝试 2/3): [WinError 5] 拒绝访问。: 'D:\\code\\ULTIMATE_WEB\\comic_backend\\data\\meta_data\\comic_db_jguyy7kh.json' -> 'data/meta_data/comics_database.json'
[2026-02-28 00:44:30,703] [ERROR] [json_handler] 权限错误 (尝试 1/3): [WinError 5] 拒绝访问。: 'D:\\code\\ULTIMATE_WEB\\comic_backend\\data\\meta_data\\comic_db_ot8dsq2q.json' -> 'data/meta_data/comics_database.json'
[2026-02-28 00:44:30,820] [ERROR] [json_handler] 权限错误 (尝试 1/3): [WinError 5] 拒绝访问。: 'D:\\code\\ULTIMATE_WEB\\comic_backend\\data\\meta_data\\comic_db_hc6un7fd.json' -> 'data/meta_data/comics_database.json'
[2026-02-28 00:44:30,827] [ERROR] [json_handler] 权限错误 (尝试 1/3): [WinError 5] 拒绝访问。: 'D:\\code\\ULTIMATE_WEB\\comic_backend\\data\\meta_data\\comic_db_qoj7vlr7.json' -> 'data/meta_data/comics_database.json'
[2026-02-28 00:44:31,120] [ERROR] [json_handler] 权限错误 (尝试 2/3): [WinError 5] 拒绝访问。: 'D:\\code\\ULTIMATE_WEB\\comic_backend\\data\\meta_data\\comic_db_d2d2s5lh.json' -> 'data/meta_data/comics_database.json'
[2026-02-28 00:47:30,634] [ERROR] [json_handler] 权限错误 (尝试 1/3): [WinError 5] 拒绝访问。: 'D:\\code\\ULTIMATE_WEB\\comic_backend\\data\\meta_data\\comic_db_5vpmod4b.json' -> 'data/meta_data/comics_database.json'
[2026-02-28 00:47:30,944] [ERROR] [json_handler] 删除锁文件失败: [WinError 32] 另一个程序正在使用此文件，进程无法访问。: 'data/meta_data/comics_database.json.lock'
[2026-02-28 00:50:03,817] [ERROR] [json_handler] 读取 JSON 文件失败: [Errno 13] Permission denied: 'data/meta_data/comics_database.json'
[2026-02-28 00:50:03,906] [ERROR] [json_handler] 删除锁文件失败: [WinError 5] 拒绝访问。: 'data/meta_data/comics_database.json.lock'
[2026-02-28 00:50:03,906] [ERROR] [json_handler] 权限错误 (尝试 1/3): [WinError 5] 拒绝访问。: 'D:\\code\\ULTIMATE_WEB\\comic_backend\\data\\meta_data\\comic_db_u39xu3mj.json' -> 'data/meta_data/comics_database.json'
[2026-02-28 00:53:05,995] [ERROR] [json_handler] 权限错误 (尝试 1/3): [WinError 5] 拒绝访问。: 'D:\\code\\ULTIMATE_WEB\\comic_backend\\data\\meta_data\\comic_db_sb3kmdfg.json' -> 'data/meta_data/comics_database.json'
[2026-02-28 00:53:06,090] [ERROR] [json_handler] 删除锁文件失败: [WinError 32] 另一个程序正在使用此文件，进程无法访问。: 'data/meta_data/comics_database.json.lock'
[2026-02-28 00:53:06,281] [ERROR] [json_handler] 权限错误 (尝试 1/3): [WinError 5] 拒绝访问。: 'D:\\code\\ULTIMATE_WEB\\comic_backend\\data\\meta_data\\comic_db_tsjv1ngq.json' -> 'data/meta_data/comics_database.json'
[2026-02-28 00:54:24,134] [ERROR] [json_handler] 权限错误 (尝试 1/3): [WinError 5] 拒绝访问。: 'D:\\code\\ULTIMATE_WEB\\comic_backend\\data\\meta_data\\comic_db_r_3tle6d.json' -> 'data/meta_data/comics_database.json'
[2026-02-28 00:54:25,000] [ERROR] [json_handler] 权限错误 (尝试 1/3): [WinError 5] 拒绝访问。: 'D:\\code\\ULTIMATE_WEB\\comic_backend\\data\\meta_data\\comic_db_sbth2ul5.json' -> 'data/meta_data/comics_database.json'
[2026-02-28 00:54:26,582] [ERROR] [json_handler] 权限错误 (尝试 1/3): [WinError 5] 拒绝访问。: 'D:\\code\\ULTIMATE_WEB\\comic_backend\\data\\meta_data\\comic_db_rd2xu442.json' -> 'data/meta_data/comics_database.json'
[2026-02-28 00:55:44,103] [ERROR] [json_handler] 权限错误 (尝试 1/3): [WinError 5] 拒绝访问。: 'D:\\code\\ULTIMATE_WEB\\comic_backend\\data\\meta_data\\comic_db_6vldtche.json' -> 'data/meta_data/comics_database.json'
[2026-02-28 00:55:45,032] [ERROR] [json_handler] 权限错误 (尝试 1/3): [WinError 5] 拒绝访问。: 'D:\\code\\ULTIMATE_WEB\\comic_backend\\data\\meta_data\\comic_db_3iau8fba.json' -> 'data/meta_data/comics_database.json'
[2026-02-28 00:55:45,099] [ERROR] [json_handler] 权限错误 (尝试 1/3): [WinError 5] 拒绝访问。: 'D:\\code\\ULTIMATE_WEB\\comic_backend\\data\\meta_data\\comic_db__f0tz7e_.json' -> 'data/meta_data/comics_database.json'
[2026-02-28 00:55:45,100] [ERROR] [json_handler] 权限错误 (尝试 1/3): [WinError 5] 拒绝访问。: 'D:\\code\\ULTIMATE_WEB\\comic_backend\\data\\meta_data\\comic_db_cg3l9c2f.json' -> 'data/meta_data/comics_database.json'
[2026-02-28 00:55:48,101] [ERROR] [json_handler] 读取 JSON 文件失败: [Errno 13] Permission denied: 'data/meta_data/comics_database.json'
[2026-02-28 00:55:50,003] [ERROR] [json_handler] 权限错误 (尝试 1/3): [WinError 5] 拒绝访问。: 'D:\\code\\ULTIMATE_WEB\\comic_backend\\data\\meta_data\\comic_db_1mu8v06q.json' -> 'data/meta_data/comics_database.json'
[2026-02-28 00:55:50,112] [ERROR] [json_handler] 读取 JSON 文件失败: [Errno 13] Permission denied: 'data/meta_data/comics_database.json'
[2026-02-28 00:55:53,589] [ERROR] [json_handler] 权限错误 (尝试 1/3): [WinError 5] 拒绝访问。: 'D:\\code\\ULTIMATE_WEB\\comic_backend\\data\\meta_data\\comic_db_n4iqctor.json' -> 'data/meta_data/comics_database.json'
[2026-02-28 00:56:01,983] [ERROR] [json_handler] 权限错误 (尝试 1/3): [WinError 5] 拒绝访问。: 'D:\\code\\ULTIMATE_WEB\\comic_backend\\data\\meta_data\\comic_db_ljiwemlu.json' -> 'data/meta_data/comics_database.json'
[2026-02-28 00:56:02,001] [ERROR] [json_handler] 删除锁文件失败: [WinError 5] 拒绝访问。: 'data/meta_data/comics_database.json.lock'
[2026-02-28 00:56:03,118] [ERROR] [json_handler] 读取 JSON 文件失败: [Errno 13] Permission denied: 'data/meta_data/comics_database.json'
[2026-02-28 00:56:19,936] [ERROR] [json_handler] 权限错误 (尝试 1/3): [WinError 5] 拒绝访问。: 'D:\\code\\ULTIMATE_WEB\\comic_backend\\data\\meta_data\\comic_db_87en6md5.json' -> 'data/meta_data/comics_database.json'
[2026-02-28 00:56:20,163] [ERROR] [json_handler] 权限错误 (尝试 1/3): [WinError 5] 拒绝访问。: 'D:\\code\\ULTIMATE_WEB\\comic_backend\\data\\meta_data\\comic_db_k7ptjjry.json' -> 'data/meta_data/comics_database.json'
[2026-02-28 00:56:20,987] [ERROR] [json_handler] 权限错误 (尝试 1/3): [WinError 5] 拒绝访问。: 'D:\\code\\ULTIMATE_WEB\\comic_backend\\data\\meta_data\\comic_db_hc_5gy7c.json' -> 'data/meta_data/comics_database.json'
[2026-02-28 00:56:48,188] [ERROR] [json_handler] 权限错误 (尝试 1/3): [WinError 5] 拒绝访问。: 'D:\\code\\ULTIMATE_WEB\\comic_backend\\data\\meta_data\\comic_db_2puurqzq.json' -> 'data/meta_data/comics_database.json'
[2026-02-28 00:56:50,300] [ERROR] [json_handler] 权限错误 (尝试 1/3): [WinError 5] 拒绝访问。: 'D:\\code\\ULTIMATE_WEB\\comic_backend\\data\\meta_data\\comic_db_zwnlox6g.json' -> 'data/meta_data/comics_database.json'
[2026-02-28 00:56:50,347] [ERROR] [json_handler] 权限错误 (尝试 1/3): [WinError 5] 拒绝访问。: 'D:\\code\\ULTIMATE_WEB\\comic_backend\\data\\meta_data\\comic_db_llae8uki.json' -> 'data/meta_data/comics_database.json'
[2026-02-28 00:56:50,512] [ERROR] [json_handler] 权限错误 (尝试 2/3): [WinError 5] 拒绝访问。: 'D:\\code\\ULTIMATE_WEB\\comic_backend\\data\\meta_data\\comic_db_mnyqpq38.json' -> 'data/meta_data/comics_database.json'
[2026-02-28 00:56:51,829] [ERROR] [json_handler] 权限错误 (尝试 1/3): [WinError 5] 拒绝访问。: 'D:\\code\\ULTIMATE_WEB\\comic_backend\\data\\meta_data\\comic_db_xqb2b6gu.json' -> 'data/meta_data/comics_database.json'
[2026-02-28 00:56:53,884] [ERROR] [json_handler] 权限错误 (尝试 1/3): [WinError 5] 拒绝访问。: 'D:\\code\\ULTIMATE_WEB\\comic_backend\\data\\meta_data\\comic_db_xp0dxcvg.json' -> 'data/meta_data/comics_database.json'
[2026-02-28 00:56:55,502] [ERROR] [json_handler] 权限错误 (尝试 1/3): [WinError 5] 拒绝访问。: 'D:\\code\\ULTIMATE_WEB\\comic_backend\\data\\meta_data\\comic_db_ot5hy909.json' -> 'data/meta_data/comics_database.json'
[2026-02-28 00:56:57,039] [ERROR] [json_handler] 权限错误 (尝试 1/3): [WinError 5] 拒绝访问。: 'D:\\code\\ULTIMATE_WEB\\comic_backend\\data\\meta_data\\comic_db_bu8i2xju.json' -> 'data/meta_data/comics_database.json'
[2026-02-28 00:57:03,789] [ERROR] [json_handler] 读取 JSON 文件失败: [Errno 13] Permission denied: 'data/meta_data/comics_database.json'
[2026-02-28 00:58:54,283] [ERROR] [json_handler] 读取 JSON 文件失败: [Errno 9] Bad file descriptor
[2026-02-28 00:58:54,286] [ERROR] [json_handler] 权限错误 (尝试 1/3): [WinError 5] 拒绝访问。: 'D:\\code\\ULTIMATE_WEB\\comic_backend\\data\\meta_data\\comic_db_nv7pxmom.json' -> 'data/meta_data/comics_database.json'
[2026-02-28 00:58:55,293] [ERROR] [json_handler] 读取 JSON 文件失败: [Errno 13] Permission denied: 'data/meta_data/comics_database.json'
[2026-02-28 00:58:56,560] [ERROR] [json_handler] 权限错误 (尝试 1/3): [WinError 5] 拒绝访问。: 'D:\\code\\ULTIMATE_WEB\\comic_backend\\data\\meta_data\\comic_db_sbpyyba8.json' -> 'data/meta_data/comics_database.json'
[2026-02-28 00:59:03,801] [ERROR] [json_handler] 读取 JSON 文件失败: [Errno 13] Permission denied: 'data/meta_data/comics_database.json'
[2026-02-28 00:59:14,214] [ERROR] [json_handler] 权限错误 (尝试 1/3): [WinError 5] 拒绝访问。: 'D:\\code\\ULTIMATE_WEB\\comic_backend\\data\\meta_data\\comic_db_pr8s2vgd.json' -> 'data/meta_data/comics_database.json'
[2026-02-28 00:59:14,502] [ERROR] [json_handler] 权限错误 (尝试 1/3): [WinError 5] 拒绝访问。: 'D:\\code\\ULTIMATE_WEB\\comic_backend\\data\\meta_data\\comic_db_e4c2hled.json' -> 'data/meta_data/comics_database.json'
[2026-02-28 00:59:14,653] [ERROR] [json_handler] 权限错误 (尝试 1/3): [WinError 5] 拒绝访问。: 'D:\\code\\ULTIMATE_WEB\\comic_backend\\data\\meta_data\\comic_db_goi_9x3u.json' -> 'data/meta_data/comics_database.json'
[2026-02-28 00:59:27,738] [ERROR] [json_handler] 权限错误 (尝试 1/3): [WinError 5] 拒绝访问。: 'D:\\code\\ULTIMATE_WEB\\comic_backend\\data\\meta_data\\comic_db_xsedkqvq.json' -> 'data/meta_data/comics_database.json'
[2026-02-28 00:59:27,738] [ERROR] [json_handler] 权限错误 (尝试 1/3): [WinError 5] 拒绝访问。: 'D:\\code\\ULTIMATE_WEB\\comic_backend\\data\\meta_data\\comic_db_9u89k21m.json' -> 'data/meta_data/comics_database.json'
[2026-02-28 00:59:27,887] [ERROR] [json_handler] 删除锁文件失败: [WinError 32] 另一个程序正在使用此文件，进程无法访问。: 'data/meta_data/comics_database.json.lock'
[2026-02-28 00:59:29,578] [ERROR] [json_handler] 权限错误 (尝试 1/3): [WinError 5] 拒绝访问。: 'D:\\code\\ULTIMATE_WEB\\comic_backend\\data\\meta_data\\comic_db_i1_wseti.json' -> 'data/meta_data/comics_database.json'
[2026-02-28 01:00:40,108] [ERROR] [json_handler] 删除锁文件失败: [WinError 2] 系统找不到指定的文件。: 'data/meta_data/comics_database.json.lock'
[2026-02-28 01:00:40,108] [ERROR] [json_handler] 权限错误 (尝试 1/3): [WinError 5] 拒绝访问。: 'D:\\code\\ULTIMATE_WEB\\comic_backend\\data\\meta_data\\comic_db_v7z1rx6p.json' -> 'data/meta_data/comics_database.json'
[2026-02-28 01:00:40,108] [ERROR] [json_handler] 权限错误 (尝试 1/3): [WinError 5] 拒绝访问。: 'D:\\code\\ULTIMATE_WEB\\comic_backend\\data\\meta_data\\comic_db_c2434qqh.json' -> 'data/meta_data/comics_database.json'
[2026-02-28 01:00:41,353] [ERROR] [json_handler] 权限错误 (尝试 1/3): [WinError 5] 拒绝访问。: 'D:\\code\\ULTIMATE_WEB\\comic_backend\\data\\meta_data\\comic_db_7oqf498e.json' -> 'data/meta_data/comics_database.json'
[2026-02-28 01:00:41,629] [ERROR] [json_handler] 权限错误 (尝试 1/3): [WinError 5] 拒绝访问。: 'D:\\code\\ULTIMATE_WEB\\comic_backend\\data\\meta_data\\comic_db_4at7grtk.json' -> 'data/meta_data/comics_database.json'
[2026-02-28 01:00:41,735] [ERROR] [json_handler] 删除锁文件失败: [WinError 32] 另一个程序正在使用此文件，进程无法访问。: 'data/meta_data/comics_database.json.lock'
[2026-02-28 01:01:42,395] [ERROR] [json_handler] 写入 JSON 文件失败 (尝试 1/3): [WinError 6] 句柄无效。
[2026-02-28 01:01:42,395] [ERROR] [json_handler] 权限错误 (尝试 1/3): [WinError 5] 拒绝访问。: 'D:\\code\\ULTIMATE_WEB\\comic_backend\\data\\meta_data\\comic_db_hm1dgi64.json' -> 'data/meta_data/comics_database.json'
[2026-02-28 01:01:42,575] [ERROR] [image_handler] 获取图片流失败: [Errno 9] Bad file descriptor
[2026-02-28 01:01:42,575] [ERROR] [json_handler] 权限错误 (尝试 1/3): [WinError 5] 拒绝访问。: 'D:\\code\\ULTIMATE_WEB\\comic_backend\\data\\meta_data\\comic_db_oeja0r30.json' -> 'data/meta_data/comics_database.json'
[2026-02-28 01:01:43,157] [ERROR] [json_handler] 读取 JSON 文件失败: [Errno 9] Bad file descriptor
[2026-02-28 01:01:43,158] [ERROR] [json_handler] 权限错误 (尝试 1/3): [WinError 5] 拒绝访问。: 'D:\\code\\ULTIMATE_WEB\\comic_backend\\data\\meta_data\\comic_db_m25ril_4.json' -> 'data/meta_data/comics_database.json'
[2026-02-28 01:01:50,568] [ERROR] [json_handler] 删除锁文件失败: [WinError 5] 拒绝访问。: 'data/meta_data/comics_database.json.lock'
[2026-02-28 01:02:06,236] [ERROR] [json_handler] 读取 JSON 文件失败: [Errno 9] Bad file descriptor
[2026-02-28 01:02:06,238] [ERROR] [json_handler] 删除锁文件失败: [WinError 32] 另一个程序正在使用此文件，进程无法访问。: 'data/meta_data/comics_database.json.lock'
[2026-02-28 01:02:06,238] [ERROR] [json_handler] 权限错误 (尝试 1/3): [WinError 5] 拒绝访问。: 'D:\\code\\ULTIMATE_WEB\\comic_backend\\data\\meta_data\\comic_db_91gg76oy.json' -> 'data/meta_data/comics_database.json'
[2026-02-28 01:02:08,783] [ERROR] [json_handler] 权限错误 (尝试 1/3): [WinError 5] 拒绝访问。: 'D:\\code\\ULTIMATE_WEB\\comic_backend\\data\\meta_data\\comic_db_nzto6du8.json' -> 'data/meta_data/comics_database.json'
[2026-02-28 01:02:35,518] [ERROR] [json_handler] 权限错误 (尝试 1/3): [WinError 5] 拒绝访问。: 'D:\\code\\ULTIMATE_WEB\\comic_backend\\data\\meta_data\\comic_db_1l2w5aav.json' -> 'data/meta_data/comics_database.json'
[2026-02-28 01:02:35,518] [ERROR] [json_handler] 删除锁文件失败: [WinError 5] 拒绝访问。: 'data/meta_data/comics_database.json.lock'
[2026-02-28 01:02:35,827] [ERROR] [json_handler] 权限错误 (尝试 1/3): [WinError 5] 拒绝访问。: 'D:\\code\\ULTIMATE_WEB\\comic_backend\\data\\meta_data\\comic_db_t63iy2no.json' -> 'data/meta_data/comics_database.json'
[2026-02-28 01:02:36,020] [ERROR] [json_handler] 权限错误 (尝试 1/3): [WinError 5] 拒绝访问。: 'D:\\code\\ULTIMATE_WEB\\comic_backend\\data\\meta_data\\comic_db_ouypsryj.json' -> 'data/meta_data/comics_database.json'
[2026-02-28 01:02:39,077] [ERROR] [json_handler] 权限错误 (尝试 1/3): [WinError 5] 拒绝访问。: 'D:\\code\\ULTIMATE_WEB\\comic_backend\\data\\meta_data\\comic_db_nnkk1pyk.json' -> 'data/meta_data/comics_database.json'
[2026-02-28 01:02:39,077] [ERROR] [json_handler] 删除锁文件失败: [WinError 2] 系统找不到指定的文件。: 'data/meta_data/comics_database.json.lock'
[2026-02-28 01:02:41,679] [ERROR] [json_handler] 写入 JSON 文件失败 (尝试 1/3): [Errno 9] Bad file descriptor
[2026-02-28 01:02:41,680] [ERROR] [json_handler] 删除锁文件失败: [WinError 32] 另一个程序正在使用此文件，进程无法访问。: 'data/meta_data/comics_database.json.lock'
[2026-02-28 01:02:41,680] [ERROR] [json_handler] 删除锁文件失败: [WinError 32] 另一个程序正在使用此文件，进程无法访问。: 'data/meta_data/comics_database.json.lock'
[2026-02-28 01:02:41,681] [ERROR] [json_handler] 权限错误 (尝试 1/3): [WinError 5] 拒绝访问。: 'D:\\code\\ULTIMATE_WEB\\comic_backend\\data\\meta_data\\comic_db_mlewvwts.json' -> 'data/meta_data/comics_database.json'
[2026-02-28 01:02:45,426] [ERROR] [json_handler] 权限错误 (尝试 1/3): [WinError 5] 拒绝访问。: 'D:\\code\\ULTIMATE_WEB\\comic_backend\\data\\meta_data\\comic_db_s1s6wyru.json' -> 'data/meta_data/comics_database.json'
[2026-02-28 01:03:16,983] [ERROR] [json_handler] 权限错误 (尝试 1/3): [WinError 5] 拒绝访问。: 'D:\\code\\ULTIMATE_WEB\\comic_backend\\data\\meta_data\\comic_db_2atcjwmw.json' -> 'data/meta_data/comics_database.json'
[2026-02-28 01:04:11,962] [ERROR] [json_handler] 读取 JSON 文件失败: [Errno 9] Bad file descriptor
[2026-02-28 01:04:11,963] [ERROR] [json_handler] 权限错误 (尝试 1/3): [WinError 5] 拒绝访问。: 'D:\\code\\ULTIMATE_WEB\\comic_backend\\data\\meta_data\\comic_db_4euf6mr6.json' -> 'data/meta_data/comics_database.json'
[2026-02-28 01:04:12,370] [ERROR] [json_handler] 删除锁文件失败: [WinError 2] 系统找不到指定的文件。: 'data/meta_data/comics_database.json.lock'
[2026-02-28 01:04:12,370] [ERROR] [json_handler] 权限错误 (尝试 1/3): [WinError 5] 拒绝访问。: 'D:\\code\\ULTIMATE_WEB\\comic_backend\\data\\meta_data\\comic_db_t8mhasz4.json' -> 'data/meta_data/comics_database.json'
[2026-02-28 01:05:16,934] [ERROR] [json_handler] 权限错误 (尝试 1/3): [WinError 5] 拒绝访问。: 'D:\\code\\ULTIMATE_WEB\\comic_backend\\data\\meta_data\\comic_db_2i6ycv7z.json' -> 'data/meta_data/comics_database.json'
[2026-02-28 01:05:19,361] [ERROR] [json_handler] 权限错误 (尝试 1/3): [WinError 5] 拒绝访问。: 'D:\\code\\ULTIMATE_WEB\\comic_backend\\data\\meta_data\\comic_db_9w4e5brp.json' -> 'data/meta_data/comics_database.json'
[2026-02-28 01:05:22,839] [ERROR] [json_handler] 删除锁文件失败: [WinError 2] 系统找不到指定的文件。: 'data/meta_data/comics_database.json.lock'
[2026-02-28 01:05:22,841] [ERROR] [json_handler] 权限错误 (尝试 1/3): [WinError 5] 拒绝访问。: 'D:\\code\\ULTIMATE_WEB\\comic_backend\\data\\meta_data\\comic_db_7ack2q1h.json' -> 'data/meta_data/comics_database.json'
[2026-02-28 01:05:22,839] [ERROR] [json_handler] 权限错误 (尝试 1/3): [WinError 5] 拒绝访问。: 'D:\\code\\ULTIMATE_WEB\\comic_backend\\data\\meta_data\\comic_db_7ehn_39i.json' -> 'data/meta_data/comics_database.json'
[2026-02-28 01:05:23,162] [ERROR] [json_handler] 权限错误 (尝试 2/3): [WinError 5] 拒绝访问。: 'D:\\code\\ULTIMATE_WEB\\comic_backend\\data\\meta_data\\comic_db_zjwdyn6o.json' -> 'data/meta_data/comics_database.json'
[2026-02-28 01:05:40,768] [ERROR] [json_handler] 删除锁文件失败: [WinError 2] 系统找不到指定的文件。: 'data/meta_data/comics_database.json.lock'
[2026-02-28 01:06:43,206] [ERROR] [json_handler] 权限错误 (尝试 1/3): [WinError 5] 拒绝访问。: 'D:\\code\\ULTIMATE_WEB\\comic_backend\\data\\meta_data\\comic_db_kg4gfy3k.json' -> 'data/meta_data/comics_database.json'
[2026-02-28 01:06:45,056] [ERROR] [json_handler] 权限错误 (尝试 1/3): [WinError 5] 拒绝访问。: 'D:\\code\\ULTIMATE_WEB\\comic_backend\\data\\meta_data\\comic_db_jx93n983.json' -> 'data/meta_data/comics_database.json'
[2026-02-28 01:06:45,248] [ERROR] [json_handler] 权限错误 (尝试 1/3): [WinError 5] 拒绝访问。: 'D:\\code\\ULTIMATE_WEB\\comic_backend\\data\\meta_data\\comic_db_qdukh0nt.json' -> 'data/meta_data/comics_database.json'
[2026-02-28 01:06:45,278] [ERROR] [json_handler] 权限错误 (尝试 1/3): [WinError 5] 拒绝访问。: 'D:\\code\\ULTIMATE_WEB\\comic_backend\\data\\meta_data\\comic_db_qi9fnmct.json' -> 'data/meta_data/comics_database.json'
[2026-02-28 01:06:45,294] [ERROR] [json_handler] 权限错误 (尝试 1/3): [WinError 5] 拒绝访问。: 'D:\\code\\ULTIMATE_WEB\\comic_backend\\data\\meta_data\\comic_db_nqylvdie.json' -> 'data/meta_data/comics_database.json'
[2026-02-28 01:06:45,566] [ERROR] [json_handler] 权限错误 (尝试 1/3): [WinError 5] 拒绝访问。: 'D:\\code\\ULTIMATE_WEB\\comic_backend\\data\\meta_data\\comic_db_beqraw6y.json' -> 'data/meta_data/comics_database.json'
[2026-02-28 01:06:48,451] [ERROR] [json_handler] 权限错误 (尝试 1/3): [WinError 5] 拒绝访问。: 'D:\\code\\ULTIMATE_WEB\\comic_backend\\data\\meta_data\\comic_db_xln8v4m_.json' -> 'data/meta_data/comics_database.json'
[2026-02-28 01:06:50,679] [ERROR] [json_handler] 权限错误 (尝试 1/3): [WinError 5] 拒绝访问。: 'D:\\code\\ULTIMATE_WEB\\comic_backend\\data\\meta_data\\comic_db_0j49v9f8.json' -> 'data/meta_data/comics_database.json'
[2026-02-28 01:06:50,682] [ERROR] [json_handler] 删除锁文件失败: [WinError 32] 另一个程序正在使用此文件，进程无法访问。: 'data/meta_data/comics_database.json.lock'
[2026-02-28 01:07:54,056] [ERROR] [json_handler] 权限错误 (尝试 1/3): [WinError 5] 拒绝访问。: 'D:\\code\\ULTIMATE_WEB\\comic_backend\\data\\meta_data\\comic_db_h1m6dir5.json' -> 'data/meta_data/comics_database.json'
[2026-02-28 01:07:54,262] [ERROR] [json_handler] 权限错误 (尝试 1/3): [WinError 5] 拒绝访问。: 'D:\\code\\ULTIMATE_WEB\\comic_backend\\data\\meta_data\\comic_db_midwsbr_.json' -> 'data/meta_data/comics_database.json'
[2026-02-28 01:08:01,237] [ERROR] [json_handler] 读取 JSON 文件失败: [Errno 9] Bad file descriptor
[2026-02-28 01:08:01,239] [ERROR] [json_handler] 权限错误 (尝试 1/3): [WinError 5] 拒绝访问。: 'D:\\code\\ULTIMATE_WEB\\comic_backend\\data\\meta_data\\comic_db_ygv8kfhl.json' -> 'data/meta_data/comics_database.json'
[2026-02-28 01:08:01,440] [ERROR] [json_handler] 删除锁文件失败: [WinError 5] 拒绝访问。: 'data/meta_data/comics_database.json.lock'
[2026-02-28 01:08:02,769] [ERROR] [json_handler] 权限错误 (尝试 1/3): [WinError 5] 拒绝访问。: 'D:\\code\\ULTIMATE_WEB\\comic_backend\\data\\meta_data\\comic_db_hkdsfy2r.json' -> 'data/meta_data/comics_database.json'
[2026-02-28 01:08:02,793] [ERROR] [json_handler] 读取 JSON 文件失败: [Errno 9] Bad file descriptor
[2026-02-28 01:08:02,794] [ERROR] [json_handler] 权限错误 (尝试 1/3): [WinError 5] 拒绝访问。: 'D:\\code\\ULTIMATE_WEB\\comic_backend\\data\\meta_data\\comic_db_dji6nfg7.json' -> 'data/meta_data/comics_database.json'
[2026-02-28 01:08:12,585] [ERROR] [json_handler] 权限错误 (尝试 1/3): [WinError 5] 拒绝访问。: 'D:\\code\\ULTIMATE_WEB\\comic_backend\\data\\meta_data\\comic_db_5ylulmyc.json' -> 'data/meta_data/comics_database.json'
[2026-02-28 01:08:26,955] [ERROR] [json_handler] 读取 JSON 文件失败: [Errno 9] Bad file descriptor
[2026-02-28 01:08:26,956] [ERROR] [json_handler] 权限错误 (尝试 1/3): [WinError 5] 拒绝访问。: 'D:\\code\\ULTIMATE_WEB\\comic_backend\\data\\meta_data\\comic_db_dwfnoanl.json' -> 'data/meta_data/comics_database.json'
[2026-02-28 01:08:46,198] [ERROR] [json_handler] 删除锁文件失败: [WinError 2] 系统找不到指定的文件。: 'data/meta_data/comics_database.json.lock'
[2026-02-28 01:08:46,199] [ERROR] [json_handler] 权限错误 (尝试 1/3): [WinError 5] 拒绝访问。: 'D:\\code\\ULTIMATE_WEB\\comic_backend\\data\\meta_data\\comic_db_1r8zqi2q.json' -> 'data/meta_data/comics_database.json'
[2026-02-28 01:13:00,683] [ERROR] [json_handler] 读取 JSON 文件失败: [Errno 13] Permission denied: 'data/meta_data/comics_database.json'
[2026-02-28 01:13:00,850] [ERROR] [json_handler] 权限错误 (尝试 1/3): [WinError 5] 拒绝访问。: 'D:\\code\\ULTIMATE_WEB\\comic_backend\\data\\meta_data\\comic_db___n6dzy1.json' -> 'data/meta_data/comics_database.json'
[2026-02-28 01:13:00,879] [ERROR] [json_handler] 权限错误 (尝试 1/3): [WinError 5] 拒绝访问。: 'D:\\code\\ULTIMATE_WEB\\comic_backend\\data\\meta_data\\comic_db_9bhaihq9.json' -> 'data/meta_data/comics_database.json'
[2026-02-28 01:13:00,958] [ERROR] [json_handler] 权限错误 (尝试 1/3): [WinError 5] 拒绝访问。: 'D:\\code\\ULTIMATE_WEB\\comic_backend\\data\\meta_data\\comic_db_m2r4dgpk.json' -> 'data/meta_data/comics_database.json'
[2026-02-28 01:13:01,173] [ERROR] [json_handler] 权限错误 (尝试 1/3): [WinError 5] 拒绝访问。: 'D:\\code\\ULTIMATE_WEB\\comic_backend\\data\\meta_data\\comic_db_ahvpraly.json' -> 'data/meta_data/comics_database.json'
[2026-02-28 01:13:01,201] [ERROR] [json_handler] 权限错误 (尝试 1/3): [WinError 5] 拒绝访问。: 'D:\\code\\ULTIMATE_WEB\\comic_backend\\data\\meta_data\\comic_db_wvknsthz.json' -> 'data/meta_data/comics_database.json'
[2026-02-28 01:17:37,372] [ERROR] [json_handler] 权限错误 (尝试 1/3): [WinError 5] 拒绝访问。: 'D:\\code\\ULTIMATE_WEB\\comic_backend\\data\\meta_data\\comic_db_g0f1pl6x.json' -> 'data/meta_data/comics_database.json'
[2026-02-28 01:17:37,377] [ERROR] [json_handler] 权限错误 (尝试 1/3): [WinError 5] 拒绝访问。: 'D:\\code\\ULTIMATE_WEB\\comic_backend\\data\\meta_data\\comic_db_198fcq29.json' -> 'data/meta_data/comics_database.json'
[2026-02-28 01:17:37,897] [ERROR] [json_handler] 删除锁文件失败: [WinError 2] 系统找不到指定的文件。: 'data/meta_data/comics_database.json.lock'
[2026-02-28 01:17:37,898] [ERROR] [json_handler] 权限错误 (尝试 1/3): [WinError 5] 拒绝访问。: 'D:\\code\\ULTIMATE_WEB\\comic_backend\\data\\meta_data\\comic_db_z9o88qlu.json' -> 'data/meta_data/comics_database.json'
[2026-02-28 01:17:40,025] [ERROR] [json_handler] 权限错误 (尝试 1/3): [WinError 5] 拒绝访问。: 'D:\\code\\ULTIMATE_WEB\\comic_backend\\data\\meta_data\\comic_db_jgq_mj2o.json' -> 'data/meta_data/comics_database.json'
[2026-02-28 01:17:40,071] [ERROR] [json_handler] 权限错误 (尝试 1/3): [WinError 5] 拒绝访问。: 'D:\\code\\ULTIMATE_WEB\\comic_backend\\data\\meta_data\\comic_db_r_n0gxhl.json' -> 'data/meta_data/comics_database.json'
[2026-02-28 01:17:40,136] [ERROR] [json_handler] 权限错误 (尝试 1/3): [WinError 5] 拒绝访问。: 'D:\\code\\ULTIMATE_WEB\\comic_backend\\data\\meta_data\\comic_db_7ilmqlmy.json' -> 'data/meta_data/comics_database.json'
[2026-02-28 01:17:44,122] [ERROR] [json_handler] 权限错误 (尝试 1/3): [WinError 5] 拒绝访问。: 'D:\\code\\ULTIMATE_WEB\\comic_backend\\data\\meta_data\\comic_db_9qd8ynrd.json' -> 'data/meta_data/comics_database.json'
[2026-02-28 01:17:48,944] [ERROR] [json_handler] 权限错误 (尝试 1/3): [WinError 5] 拒绝访问。: 'D:\\code\\ULTIMATE_WEB\\comic_backend\\data\\meta_data\\comic_db_5432pel2.json' -> 'data/meta_data/comics_database.json'
[2026-02-28 01:17:49,116] [ERROR] [json_handler] 权限错误 (尝试 1/3): [WinError 5] 拒绝访问。: 'D:\\code\\ULTIMATE_WEB\\comic_backend\\data\\meta_data\\comic_db_a75h5ei1.json' -> 'data/meta_data/comics_database.json'
[2026-02-28 01:17:49,526] [ERROR] [json_handler] 权限错误 (尝试 1/3): [WinError 5] 拒绝访问。: 'D:\\code\\ULTIMATE_WEB\\comic_backend\\data\\meta_data\\comic_db_8km5bjkx.json' -> 'data/meta_data/comics_database.json'
[2026-02-28 01:17:49,678] [ERROR] [json_handler] 权限错误 (尝试 1/3): [WinError 5] 拒绝访问。: 'D:\\code\\ULTIMATE_WEB\\comic_backend\\data\\meta_data\\comic_db_28m93dw9.json' -> 'data/meta_data/comics_database.json'
[2026-02-28 01:17:49,738] [ERROR] [json_handler] 权限错误 (尝试 2/3): [WinError 5] 拒绝访问。: 'D:\\code\\ULTIMATE_WEB\\comic_backend\\data\\meta_data\\comic_db_0zfjhmmz.json' -> 'data/meta_data/comics_database.json'
[2026-02-28 01:18:02,211] [ERROR] [json_handler] 读取 JSON 文件失败: [Errno 13] Permission denied: 'data/meta_data/comics_database.json'
[2026-02-28 01:18:10,986] [ERROR] [json_handler] 写入 JSON 文件失败 (尝试 1/3): [Errno 9] Bad file descriptor
[2026-02-28 01:18:10,986] [ERROR] [json_handler] 权限错误 (尝试 1/3): [WinError 5] 拒绝访问。: 'D:\\code\\ULTIMATE_WEB\\comic_backend\\data\\meta_data\\comic_db_x04mzcrn.json' -> 'data/meta_data/comics_database.json'
[2026-02-28 01:18:11,095] [ERROR] [json_handler] 权限错误 (尝试 2/3): [WinError 5] 拒绝访问。: 'D:\\code\\ULTIMATE_WEB\\comic_backend\\data\\meta_data\\comic_db_zv6b2st9.json' -> 'data/meta_data/comics_database.json'
[2026-02-28 01:18:11,655] [ERROR] [json_handler] 权限错误 (尝试 1/3): [WinError 5] 拒绝访问。: 'D:\\code\\ULTIMATE_WEB\\comic_backend\\data\\meta_data\\comic_db_iycej9al.json' -> 'data/meta_data/comics_database.json'
[2026-02-28 01:18:12,318] [ERROR] [json_handler] 权限错误 (尝试 1/3): [WinError 5] 拒绝访问。: 'D:\\code\\ULTIMATE_WEB\\comic_backend\\data\\meta_data\\comic_db_ae1182y8.json' -> 'data/meta_data/comics_database.json'
[2026-02-28 01:18:12,843] [ERROR] [json_handler] 读取 JSON 文件失败: [Errno 13] Permission denied: 'data/meta_data/comics_database.json'
[2026-02-28 01:18:13,615] [ERROR] [json_handler] 权限错误 (尝试 1/3): [WinError 5] 拒绝访问。: 'D:\\code\\ULTIMATE_WEB\\comic_backend\\data\\meta_data\\comic_db__ubrejur.json' -> 'data/meta_data/comics_database.json'
[2026-02-28 01:18:15,101] [ERROR] [json_handler] 读取 JSON 文件失败: [Errno 9] Bad file descriptor
[2026-02-28 01:18:15,102] [ERROR] [json_handler] 权限错误 (尝试 1/3): [WinError 5] 拒绝访问。: 'D:\\code\\ULTIMATE_WEB\\comic_backend\\data\\meta_data\\comic_db_qndd355y.json' -> 'data/meta_data/comics_database.json'
[2026-02-28 01:18:15,870] [ERROR] [json_handler] 权限错误 (尝试 1/3): [WinError 5] 拒绝访问。: 'D:\\code\\ULTIMATE_WEB\\comic_backend\\data\\meta_data\\comic_db_3viw1tz6.json' -> 'data/meta_data/comics_database.json'
[2026-02-28 01:18:16,910] [ERROR] [json_handler] 权限错误 (尝试 1/3): [WinError 5] 拒绝访问。: 'D:\\code\\ULTIMATE_WEB\\comic_backend\\data\\meta_data\\comic_db_c1_ku7h2.json' -> 'data/meta_data/comics_database.json'
[2026-02-28 01:18:29,301] [ERROR] [json_handler] 权限错误 (尝试 1/3): [WinError 5] 拒绝访问。: 'D:\\code\\ULTIMATE_WEB\\comic_backend\\data\\meta_data\\comic_db_y27xis5i.json' -> 'data/meta_data/comics_database.json'
[2026-02-28 01:18:29,493] [ERROR] [json_handler] 权限错误 (尝试 1/3): [WinError 5] 拒绝访问。: 'D:\\code\\ULTIMATE_WEB\\comic_backend\\data\\meta_data\\comic_db_dwg4ib6u.json' -> 'data/meta_data/comics_database.json'
[2026-02-28 01:18:34,361] [ERROR] [json_handler] 权限错误 (尝试 1/3): [WinError 5] 拒绝访问。: 'D:\\code\\ULTIMATE_WEB\\comic_backend\\data\\meta_data\\comic_db_hdotr6ri.json' -> 'data/meta_data/comics_database.json'
[2026-02-28 01:18:43,109] [ERROR] [json_handler] 删除锁文件失败: [WinError 2] 系统找不到指定的文件。: 'data/meta_data/comics_database.json.lock'
[2026-02-28 01:18:43,189] [ERROR] [json_handler] 权限错误 (尝试 1/3): [WinError 5] 拒绝访问。: 'D:\\code\\ULTIMATE_WEB\\comic_backend\\data\\meta_data\\comic_db_8ewz6ble.json' -> 'data/meta_data/comics_database.json'
[2026-02-28 01:18:44,125] [ERROR] [json_handler] 权限错误 (尝试 1/3): [WinError 5] 拒绝访问。: 'D:\\code\\ULTIMATE_WEB\\comic_backend\\data\\meta_data\\comic_db_ek95ndy3.json' -> 'data/meta_data/comics_database.json'
[2026-02-28 01:18:49,320] [ERROR] [json_handler] 权限错误 (尝试 1/3): [WinError 5] 拒绝访问。: 'D:\\code\\ULTIMATE_WEB\\comic_backend\\data\\meta_data\\comic_db_zsscx3s2.json' -> 'data/meta_data/comics_database.json'
[2026-02-28 01:18:51,686] [ERROR] [json_handler] 权限错误 (尝试 1/3): [WinError 5] 拒绝访问。: 'D:\\code\\ULTIMATE_WEB\\comic_backend\\data\\meta_data\\comic_db_095yfe72.json' -> 'data/meta_data/comics_database.json'
[2026-02-28 01:18:52,121] [ERROR] [json_handler] 权限错误 (尝试 1/3): [WinError 5] 拒绝访问。: 'D:\\code\\ULTIMATE_WEB\\comic_backend\\data\\meta_data\\comic_db_ejwm2z7e.json' -> 'data/meta_data/comics_database.json'
[2026-02-28 01:18:52,670] [ERROR] [json_handler] 删除锁文件失败: [WinError 5] 拒绝访问。: 'data/meta_data/comics_database.json.lock'
[2026-02-28 01:19:12,252] [ERROR] [json_handler] 权限错误 (尝试 1/3): [WinError 5] 拒绝访问。: 'D:\\code\\ULTIMATE_WEB\\comic_backend\\data\\meta_data\\comic_db_wpj5fs78.json' -> 'data/meta_data/comics_database.json'
[2026-02-28 01:19:12,252] [ERROR] [json_handler] 权限错误 (尝试 1/3): [WinError 5] 拒绝访问。: 'D:\\code\\ULTIMATE_WEB\\comic_backend\\data\\meta_data\\comic_db_jzuhk8oi.json' -> 'data/meta_data/comics_database.json'
[2026-02-28 01:19:12,898] [ERROR] [json_handler] 权限错误 (尝试 1/3): [WinError 5] 拒绝访问。: 'D:\\code\\ULTIMATE_WEB\\comic_backend\\data\\meta_data\\comic_db_pxx4uw4w.json' -> 'data/meta_data/comics_database.json'
[2026-02-28 01:19:16,635] [ERROR] [json_handler] 权限错误 (尝试 1/3): [WinError 5] 拒绝访问。: 'D:\\code\\ULTIMATE_WEB\\comic_backend\\data\\meta_data\\comic_db_iahyi208.json' -> 'data/meta_data/comics_database.json'
[2026-02-28 01:19:16,648] [ERROR] [json_handler] 权限错误 (尝试 1/3): [WinError 5] 拒绝访问。: 'D:\\code\\ULTIMATE_WEB\\comic_backend\\data\\meta_data\\comic_db_kitufb3n.json' -> 'data/meta_data/comics_database.json'
[2026-02-28 01:23:18,872] [ERROR] [json_handler] 权限错误 (尝试 1/3): [WinError 5] 拒绝访问。: 'D:\\code\\ULTIMATE_WEB\\comic_backend\\data\\meta_data\\comic_db_9sf2jc_7.json' -> 'data/meta_data/comics_database.json'
[2026-02-28 01:23:20,079] [ERROR] [json_handler] 权限错误 (尝试 1/3): [WinError 5] 拒绝访问。: 'D:\\code\\ULTIMATE_WEB\\comic_backend\\data\\meta_data\\comic_db_hvns0w6m.json' -> 'data/meta_data/comics_database.json'
[2026-02-28 01:23:24,353] [ERROR] [json_handler] 权限错误 (尝试 1/3): [WinError 5] 拒绝访问。: 'D:\\code\\ULTIMATE_WEB\\comic_backend\\data\\meta_data\\comic_db_zawe84a0.json' -> 'data/meta_data/comics_database.json'
[2026-02-28 01:23:24,354] [ERROR] [json_handler] 权限错误 (尝试 1/3): [WinError 5] 拒绝访问。: 'D:\\code\\ULTIMATE_WEB\\comic_backend\\data\\meta_data\\comic_db_646oua1x.json' -> 'data/meta_data/comics_database.json'
[2026-02-28 01:23:28,446] [ERROR] [json_handler] 删除锁文件失败: [WinError 2] 系统找不到指定的文件。: 'data/meta_data/comics_database.json.lock'
[2026-02-28 01:23:28,447] [ERROR] [json_handler] 权限错误 (尝试 1/3): [WinError 5] 拒绝访问。: 'D:\\code\\ULTIMATE_WEB\\comic_backend\\data\\meta_data\\comic_db_2fffidkw.json' -> 'data/meta_data/comics_database.json'
[2026-02-28 01:23:28,659] [ERROR] [json_handler] 权限错误 (尝试 2/3): [WinError 5] 拒绝访问。: 'D:\\code\\ULTIMATE_WEB\\comic_backend\\data\\meta_data\\comic_db_nnof4efq.json' -> 'data/meta_data/comics_database.json'
[2026-02-28 01:23:32,844] [ERROR] [json_handler] 读取 JSON 文件失败: [Errno 13] Permission denied: 'data/meta_data/comics_database.json'
[2026-02-28 01:23:47,454] [ERROR] [json_handler] 权限错误 (尝试 1/3): [WinError 5] 拒绝访问。: 'D:\\code\\ULTIMATE_WEB\\comic_backend\\data\\meta_data\\comic_db_0mmqxq17.json' -> 'data/meta_data/comics_database.json'
[2026-02-28 01:23:48,545] [ERROR] [json_handler] 权限错误 (尝试 1/3): [WinError 5] 拒绝访问。: 'D:\\code\\ULTIMATE_WEB\\comic_backend\\data\\meta_data\\comic_db_4z8kg6mu.json' -> 'data/meta_data/comics_database.json'
[2026-02-28 01:26:46,844] [ERROR] [json_handler] 权限错误 (尝试 1/3): [WinError 5] 拒绝访问。: 'D:\\code\\ULTIMATE_WEB\\comic_backend\\data\\meta_data\\comic_db_u3_03i6k.json' -> 'data/meta_data/comics_database.json'
[2026-02-28 01:26:47,146] [ERROR] [json_handler] 权限错误 (尝试 1/3): [WinError 5] 拒绝访问。: 'D:\\code\\ULTIMATE_WEB\\comic_backend\\data\\meta_data\\comic_db_v2cl2dds.json' -> 'data/meta_data/comics_database.json'
[2026-02-28 01:26:56,243] [ERROR] [json_handler] 权限错误 (尝试 1/3): [WinError 5] 拒绝访问。: 'D:\\code\\ULTIMATE_WEB\\comic_backend\\data\\meta_data\\comic_db_etpiv3ib.json' -> 'data/meta_data/comics_database.json'
[2026-02-28 01:26:56,348] [ERROR] [json_handler] 权限错误 (尝试 1/3): [WinError 5] 拒绝访问。: 'D:\\code\\ULTIMATE_WEB\\comic_backend\\data\\meta_data\\comic_db_xua2gb3h.json' -> 'data/meta_data/comics_database.json'
[2026-02-28 01:26:59,029] [ERROR] [json_handler] 权限错误 (尝试 1/3): [WinError 5] 拒绝访问。: 'D:\\code\\ULTIMATE_WEB\\comic_backend\\data\\meta_data\\comic_db_e4079tuy.json' -> 'data/meta_data/comics_database.json'
[2026-02-28 01:26:59,135] [ERROR] [json_handler] 删除锁文件失败: [WinError 32] 另一个程序正在使用此文件，进程无法访问。: 'data/meta_data/comics_database.json.lock'
[2026-02-28 01:26:59,336] [ERROR] [json_handler] 权限错误 (尝试 1/3): [WinError 5] 拒绝访问。: 'D:\\code\\ULTIMATE_WEB\\comic_backend\\data\\meta_data\\comic_db_zxn3p47r.json' -> 'data/meta_data/comics_database.json'
[2026-02-28 01:27:03,424] [ERROR] [json_handler] 读取 JSON 文件失败: [Errno 13] Permission denied: 'data/meta_data/comics_database.json'
[2026-02-28 01:27:03,531] [ERROR] [json_handler] 权限错误 (尝试 1/3): [WinError 5] 拒绝访问。: 'D:\\code\\ULTIMATE_WEB\\comic_backend\\data\\meta_data\\comic_db_npqppjol.json' -> 'data/meta_data/comics_database.json'
[2026-02-28 01:27:09,337] [ERROR] [json_handler] 读取 JSON 文件失败: [Errno 9] Bad file descriptor
[2026-02-28 01:27:09,338] [ERROR] [json_handler] 权限错误 (尝试 1/3): [WinError 5] 拒绝访问。: 'D:\\code\\ULTIMATE_WEB\\comic_backend\\data\\meta_data\\comic_db_wns55zh7.json' -> 'data/meta_data/comics_database.json'
[2026-02-28 01:27:11,427] [ERROR] [json_handler] 权限错误 (尝试 1/3): [WinError 5] 拒绝访问。: 'D:\\code\\ULTIMATE_WEB\\comic_backend\\data\\meta_data\\comic_db_6c6pl2js.json' -> 'data/meta_data/comics_database.json'
[2026-02-28 01:27:11,583] [ERROR] [json_handler] 删除锁文件失败: [WinError 32] 另一个程序正在使用此文件，进程无法访问。: 'data/meta_data/comics_database.json.lock'
[2026-02-28 01:27:11,583] [ERROR] [json_handler] 权限错误 (尝试 1/3): [WinError 5] 拒绝访问。: 'D:\\code\\ULTIMATE_WEB\\comic_backend\\data\\meta_data\\comic_db_52n4eq2r.json' -> 'data/meta_data/comics_database.json'
[2026-02-28 01:27:11,590] [ERROR] [json_handler] 权限错误 (尝试 1/3): [WinError 5] 拒绝访问。: 'D:\\code\\ULTIMATE_WEB\\comic_backend\\data\\meta_data\\comic_db_6v_ynf52.json' -> 'data/meta_data/comics_database.json'
[2026-02-28 01:27:26,138] [ERROR] [json_handler] 权限错误 (尝试 1/3): [WinError 5] 拒绝访问。: 'D:\\code\\ULTIMATE_WEB\\comic_backend\\data\\meta_data\\comic_db_vfp3qkim.json' -> 'data/meta_data/comics_database.json'
[2026-02-28 01:28:36,276] [ERROR] [json_handler] 权限错误 (尝试 1/3): [WinError 5] 拒绝访问。: 'D:\\code\\ULTIMATE_WEB\\comic_backend\\data\\meta_data\\comic_db_ufl6w7wo.json' -> 'data/meta_data/comics_database.json'
[2026-02-28 01:28:39,653] [ERROR] [json_handler] 权限错误 (尝试 1/3): [WinError 5] 拒绝访问。: 'D:\\code\\ULTIMATE_WEB\\comic_backend\\data\\meta_data\\comic_db_2tlq6egj.json' -> 'data/meta_data/comics_database.json'
[2026-02-28 01:29:17,214] [ERROR] [json_handler] 权限错误 (尝试 1/3): [WinError 5] 拒绝访问。: 'D:\\code\\ULTIMATE_WEB\\comic_backend\\data\\meta_data\\comic_db_zd3y08am.json' -> 'data/meta_data/comics_database.json'
[2026-02-28 01:29:17,556] [ERROR] [json_handler] 读取 JSON 文件失败: [Errno 13] Permission denied: 'data/meta_data/comics_database.json'
[2026-02-28 01:29:19,078] [ERROR] [json_handler] 权限错误 (尝试 1/3): [WinError 5] 拒绝访问。: 'D:\\code\\ULTIMATE_WEB\\comic_backend\\data\\meta_data\\comic_db_tprw7878.json' -> 'data/meta_data/comics_database.json'
[2026-02-28 01:29:19,888] [ERROR] [json_handler] 读取 JSON 文件失败: [Errno 13] Permission denied: 'data/meta_data/comics_database.json'
[2026-02-28 01:29:20,503] [ERROR] [json_handler] 删除锁文件失败: [WinError 2] 系统找不到指定的文件。: 'data/meta_data/comics_database.json.lock'
[2026-02-28 01:29:20,503] [ERROR] [json_handler] 权限错误 (尝试 1/3): [WinError 5] 拒绝访问。: 'D:\\code\\ULTIMATE_WEB\\comic_backend\\data\\meta_data\\comic_db_gn_gtgvf.json' -> 'data/meta_data/comics_database.json'
[2026-02-28 01:29:20,719] [ERROR] [json_handler] 权限错误 (尝试 2/3): [WinError 5] 拒绝访问。: 'D:\\code\\ULTIMATE_WEB\\comic_backend\\data\\meta_data\\comic_db_qolw4yp2.json' -> 'data/meta_data/comics_database.json'
[2026-02-28 01:29:21,135] [ERROR] [json_handler] 权限错误 (尝试 3/3): [WinError 5] 拒绝访问。: 'D:\\code\\ULTIMATE_WEB\\comic_backend\\data\\meta_data\\comic_db__9dec2yf.json' -> 'data/meta_data/comics_database.json'
[2026-02-28 01:29:25,236] [ERROR] [json_handler] 权限错误 (尝试 1/3): [WinError 5] 拒绝访问。: 'D:\\code\\ULTIMATE_WEB\\comic_backend\\data\\meta_data\\comic_db_obs0bs6o.json' -> 'data/meta_data/comics_database.json'
[2026-02-28 01:29:26,563] [ERROR] [json_handler] 权限错误 (尝试 1/3): [WinError 5] 拒绝访问。: 'D:\\code\\ULTIMATE_WEB\\comic_backend\\data\\meta_data\\comic_db_dsi2o_mv.json' -> 'data/meta_data/comics_database.json'
[2026-02-28 01:31:05,161] [ERROR] [json_handler] 权限错误 (尝试 1/3): [WinError 5] 拒绝访问。: 'D:\\code\\ULTIMATE_WEB\\comic_backend\\data\\meta_data\\comic_db_q920umkk.json' -> 'data/meta_data/comics_database.json'
[2026-02-28 01:33:18,529] [ERROR] [json_handler] 删除锁文件失败: [WinError 5] 拒绝访问。: 'data/meta_data/comics_database.json.lock'
[2026-02-28 01:33:18,529] [ERROR] [json_handler] 权限错误 (尝试 1/3): [WinError 5] 拒绝访问。: 'D:\\code\\ULTIMATE_WEB\\comic_backend\\data\\meta_data\\comic_db_qb6ryu8b.json' -> 'data/meta_data/comics_database.json'
[2026-02-28 01:33:52,211] [ERROR] [json_handler] 权限错误 (尝试 1/3): [WinError 5] 拒绝访问。: 'D:\\code\\ULTIMATE_WEB\\comic_backend\\data\\meta_data\\comic_db_5oci7cxc.json' -> 'data/meta_data/comics_database.json'
[2026-02-28 01:36:08,158] [ERROR] [json_handler] 权限错误 (尝试 1/3): [WinError 5] 拒绝访问。: 'D:\\code\\ULTIMATE_WEB\\comic_backend\\data\\meta_data\\comic_db_db0288fl.json' -> 'data/meta_data/comics_database.json'
[2026-02-28 01:36:08,192] [ERROR] [json_handler] 权限错误 (尝试 1/3): [WinError 5] 拒绝访问。: 'D:\\code\\ULTIMATE_WEB\\comic_backend\\data\\meta_data\\comic_db_l_9mb9kd.json' -> 'data/meta_data/comics_database.json'
[2026-02-28 01:36:08,508] [ERROR] [json_handler] 权限错误 (尝试 2/3): [WinError 5] 拒绝访问。: 'D:\\code\\ULTIMATE_WEB\\comic_backend\\data\\meta_data\\comic_db_5jjhp4qb.json' -> 'data/meta_data/comics_database.json'
[2026-02-28 01:36:08,875] [ERROR] [json_handler] 权限错误 (尝试 1/3): [WinError 5] 拒绝访问。: 'D:\\code\\ULTIMATE_WEB\\comic_backend\\data\\meta_data\\comic_db_oxaqo0yt.json' -> 'data/meta_data/comics_database.json'
[2026-02-28 01:36:09,087] [ERROR] [json_handler] 权限错误 (尝试 1/3): [WinError 5] 拒绝访问。: 'D:\\code\\ULTIMATE_WEB\\comic_backend\\data\\meta_data\\comic_db_bfi0yuxz.json' -> 'data/meta_data/comics_database.json'
[2026-02-28 01:36:18,207] [ERROR] [json_handler] 权限错误 (尝试 1/3): [WinError 5] 拒绝访问。: 'D:\\code\\ULTIMATE_WEB\\comic_backend\\data\\meta_data\\comic_db_zits61e3.json' -> 'data/meta_data/comics_database.json'
[2026-02-28 01:36:19,034] [ERROR] [json_handler] 权限错误 (尝试 1/3): [WinError 5] 拒绝访问。: 'D:\\code\\ULTIMATE_WEB\\comic_backend\\data\\meta_data\\comic_db_rz_pc2ea.json' -> 'data/meta_data/comics_database.json'
[2026-02-28 01:36:19,658] [ERROR] [json_handler] 权限错误 (尝试 1/3): [WinError 5] 拒绝访问。: 'D:\\code\\ULTIMATE_WEB\\comic_backend\\data\\meta_data\\comic_db_klvo2_td.json' -> 'data/meta_data/comics_database.json'
[2026-02-28 01:36:24,524] [ERROR] [json_handler] 权限错误 (尝试 1/3): [WinError 5] 拒绝访问。: 'D:\\code\\ULTIMATE_WEB\\comic_backend\\data\\meta_data\\comic_db_p79jthx2.json' -> 'data/meta_data/comics_database.json'
[2026-02-28 01:36:24,620] [ERROR] [json_handler] 权限错误 (尝试 1/3): [WinError 5] 拒绝访问。: 'D:\\code\\ULTIMATE_WEB\\comic_backend\\data\\meta_data\\comic_db__l50lznr.json' -> 'data/meta_data/comics_database.json'
[2026-02-28 01:36:24,727] [ERROR] [json_handler] 权限错误 (尝试 1/3): [WinError 5] 拒绝访问。: 'D:\\code\\ULTIMATE_WEB\\comic_backend\\data\\meta_data\\comic_db_io5kws0w.json' -> 'data/meta_data/comics_database.json'
[2026-02-28 01:36:24,970] [ERROR] [json_handler] 权限错误 (尝试 2/3): [WinError 5] 拒绝访问。: 'D:\\code\\ULTIMATE_WEB\\comic_backend\\data\\meta_data\\comic_db_4n3xdqm3.json' -> 'data/meta_data/comics_database.json'
[2026-02-28 01:37:49,209] [ERROR] [json_handler] 权限错误 (尝试 1/3): [WinError 5] 拒绝访问。: 'D:\\code\\ULTIMATE_WEB\\comic_backend\\data\\meta_data\\comic_db_4ri_7dhs.json' -> 'data/meta_data/comics_database.json'
[2026-02-28 01:37:49,420] [ERROR] [json_handler] 权限错误 (尝试 2/3): [WinError 5] 拒绝访问。: 'D:\\code\\ULTIMATE_WEB\\comic_backend\\data\\meta_data\\comic_db_xa15ar4q.json' -> 'data/meta_data/comics_database.json'
[2026-02-28 01:37:58,910] [ERROR] [json_handler] 权限错误 (尝试 1/3): [WinError 5] 拒绝访问。: 'D:\\code\\ULTIMATE_WEB\\comic_backend\\data\\meta_data\\comic_db_zk7490qr.json' -> 'data/meta_data/comics_database.json'
[2026-02-28 01:37:59,123] [ERROR] [json_handler] 权限错误 (尝试 2/3): [WinError 5] 拒绝访问。: 'D:\\code\\ULTIMATE_WEB\\comic_backend\\data\\meta_data\\comic_db_s1qfu_6x.json' -> 'data/meta_data/comics_database.json'
[2026-02-28 01:38:02,750] [ERROR] [json_handler] 权限错误 (尝试 1/3): [WinError 5] 拒绝访问。: 'D:\\code\\ULTIMATE_WEB\\comic_backend\\data\\meta_data\\comic_db_jbgbclxg.json' -> 'data/meta_data/comics_database.json'
[2026-02-28 01:38:03,187] [ERROR] [json_handler] 权限错误 (尝试 1/3): [WinError 5] 拒绝访问。: 'D:\\code\\ULTIMATE_WEB\\comic_backend\\data\\meta_data\\comic_db_8sr2wyk8.json' -> 'data/meta_data/comics_database.json'
[2026-02-28 01:38:52,810] [ERROR] [json_handler] 权限错误 (尝试 1/3): [WinError 5] 拒绝访问。: 'D:\\code\\ULTIMATE_WEB\\comic_backend\\data\\meta_data\\comic_db_zgzldjbd.json' -> 'data/meta_data/comics_database.json'
[2026-02-28 01:38:57,143] [ERROR] [json_handler] 删除锁文件失败: [WinError 32] 另一个程序正在使用此文件，进程无法访问。: 'data/meta_data/comics_database.json.lock'
[2026-02-28 01:39:17,603] [ERROR] [json_handler] 权限错误 (尝试 1/3): [WinError 5] 拒绝访问。: 'D:\\code\\ULTIMATE_WEB\\comic_backend\\data\\meta_data\\comic_db_ucq5ftra.json' -> 'data/meta_data/comics_database.json'
[2026-02-28 01:44:31,162] [ERROR] [json_handler] 权限错误 (尝试 1/3): [WinError 5] 拒绝访问。: 'D:\\code\\ULTIMATE_WEB\\comic_backend\\data\\meta_data\\comic_db_ibwze_a3.json' -> 'data/meta_data/comics_database.json'
[2026-02-28 01:44:37,298] [ERROR] [json_handler] 权限错误 (尝试 1/3): [WinError 5] 拒绝访问。: 'D:\\code\\ULTIMATE_WEB\\comic_backend\\data\\meta_data\\comic_db_d3oidymr.json' -> 'data/meta_data/comics_database.json'
[2026-02-28 01:45:21,523] [ERROR] [json_handler] 权限错误 (尝试 1/3): [WinError 5] 拒绝访问。: 'D:\\code\\ULTIMATE_WEB\\comic_backend\\data\\meta_data\\comic_db_siqnuo6v.json' -> 'data/meta_data/comics_database.json'
[2026-02-28 01:45:21,805] [ERROR] [json_handler] 权限错误 (尝试 1/3): [WinError 5] 拒绝访问。: 'D:\\code\\ULTIMATE_WEB\\comic_backend\\data\\meta_data\\comic_db_ytme2dhg.json' -> 'data/meta_data/comics_database.json'
[2026-02-28 01:45:23,098] [ERROR] [json_handler] 权限错误 (尝试 1/3): [WinError 5] 拒绝访问。: 'D:\\code\\ULTIMATE_WEB\\comic_backend\\data\\meta_data\\comic_db_fxrsj16n.json' -> 'data/meta_data/comics_database.json'
[2026-02-28 01:45:23,101] [ERROR] [json_handler] 写入 JSON 文件失败 (尝试 1/3): [WinError 6] 句柄无效。
[2026-02-28 01:45:24,286] [ERROR] [json_handler] 权限错误 (尝试 1/3): [WinError 5] 拒绝访问。: 'D:\\code\\ULTIMATE_WEB\\comic_backend\\data\\meta_data\\comic_db_1ofxrr8a.json' -> 'data/meta_data/comics_database.json'
[2026-02-28 01:49:31,133] [ERROR] [json_handler] 权限错误 (尝试 1/3): [WinError 5] 拒绝访问。: 'D:\\code\\ULTIMATE_WEB\\comic_backend\\data\\meta_data\\comic_db_dl0gcn2h.json' -> 'data/meta_data/comics_database.json'
[2026-02-28 01:49:49,209] [ERROR] [json_handler] 权限错误 (尝试 1/3): [WinError 5] 拒绝访问。: 'D:\\code\\ULTIMATE_WEB\\comic_backend\\data\\meta_data\\comic_db_tp4256ui.json' -> 'data/meta_data/comics_database.json'
[2026-02-28 01:49:55,443] [ERROR] [json_handler] 权限错误 (尝试 1/3): [WinError 5] 拒绝访问。: 'D:\\code\\ULTIMATE_WEB\\comic_backend\\data\\meta_data\\comic_db_auf4u3yq.json' -> 'data/meta_data/comics_database.json'
[2026-02-28 01:53:28,433] [ERROR] [json_handler] 权限错误 (尝试 1/3): [WinError 5] 拒绝访问。: 'D:\\code\\ULTIMATE_WEB\\comic_backend\\data\\meta_data\\comic_db_ezaxrofj.json' -> 'data/meta_data/comics_database.json'
[2026-02-28 01:53:29,023] [ERROR] [json_handler] 权限错误 (尝试 1/3): [WinError 5] 拒绝访问。: 'D:\\code\\ULTIMATE_WEB\\comic_backend\\data\\meta_data\\comic_db_idvtcb4u.json' -> 'data/meta_data/comics_database.json'
[2026-02-28 01:53:29,237] [ERROR] [json_handler] 权限错误 (尝试 2/3): [WinError 5] 拒绝访问。: 'D:\\code\\ULTIMATE_WEB\\comic_backend\\data\\meta_data\\comic_db_llcykbeo.json' -> 'data/meta_data/comics_database.json'
[2026-02-28 01:53:30,694] [ERROR] [json_handler] 权限错误 (尝试 1/3): [WinError 5] 拒绝访问。: 'D:\\code\\ULTIMATE_WEB\\comic_backend\\data\\meta_data\\comic_db_jlv3izr1.json' -> 'data/meta_data/comics_database.json'
[2026-02-28 01:53:31,227] [ERROR] [json_handler] 权限错误 (尝试 1/3): [WinError 5] 拒绝访问。: 'D:\\code\\ULTIMATE_WEB\\comic_backend\\data\\meta_data\\comic_db_ylvt2i4u.json' -> 'data/meta_data/comics_database.json'
[2026-02-28 01:53:33,068] [ERROR] [json_handler] 权限错误 (尝试 1/3): [WinError 5] 拒绝访问。: 'D:\\code\\ULTIMATE_WEB\\comic_backend\\data\\meta_data\\comic_db_8l9jmtod.json' -> 'data/meta_data/comics_database.json'
[2026-02-28 01:53:33,831] [ERROR] [json_handler] 权限错误 (尝试 1/3): [WinError 5] 拒绝访问。: 'D:\\code\\ULTIMATE_WEB\\comic_backend\\data\\meta_data\\comic_db_jym67kf6.json' -> 'data/meta_data/comics_database.json'
[2026-02-28 01:55:07,287] [ERROR] [json_handler] 读取 JSON 文件失败: [Errno 13] Permission denied: 'data/meta_data/comics_database.json'
[2026-02-28 01:55:07,625] [ERROR] [json_handler] 删除锁文件失败: [WinError 32] 另一个程序正在使用此文件，进程无法访问。: 'data/meta_data/comics_database.json.lock'
[2026-02-28 01:55:08,860] [ERROR] [json_handler] 读取 JSON 文件失败: [Errno 9] Bad file descriptor
[2026-02-28 01:55:08,863] [ERROR] [json_handler] 权限错误 (尝试 1/3): [WinError 5] 拒绝访问。: 'D:\\code\\ULTIMATE_WEB\\comic_backend\\data\\meta_data\\comic_db_3b4likua.json' -> 'data/meta_data/comics_database.json'
[2026-02-28 01:55:09,189] [ERROR] [json_handler] 权限错误 (尝试 1/3): [WinError 5] 拒绝访问。: 'D:\\code\\ULTIMATE_WEB\\comic_backend\\data\\meta_data\\comic_db_an3lqf7u.json' -> 'data/meta_data/comics_database.json'
[2026-02-28 01:55:11,525] [ERROR] [json_handler] 权限错误 (尝试 1/3): [WinError 5] 拒绝访问。: 'D:\\code\\ULTIMATE_WEB\\comic_backend\\data\\meta_data\\comic_db_mwh_5sx6.json' -> 'data/meta_data/comics_database.json'
[2026-02-28 01:55:11,727] [ERROR] [json_handler] 删除锁文件失败: [WinError 32] 另一个程序正在使用此文件，进程无法访问。: 'data/meta_data/comics_database.json.lock'
[2026-02-28 01:55:12,830] [ERROR] [json_handler] 权限错误 (尝试 1/3): [WinError 5] 拒绝访问。: 'D:\\code\\ULTIMATE_WEB\\comic_backend\\data\\meta_data\\comic_db_4izlcl6z.json' -> 'data/meta_data/comics_database.json'
[2026-02-28 01:55:13,051] [ERROR] [json_handler] 读取 JSON 文件失败: [Errno 9] Bad file descriptor
[2026-02-28 01:55:13,054] [ERROR] [json_handler] 权限错误 (尝试 1/3): [WinError 5] 拒绝访问。: 'D:\\code\\ULTIMATE_WEB\\comic_backend\\data\\meta_data\\comic_db_uhx_2haj.json' -> 'data/meta_data/comics_database.json'
[2026-02-28 01:55:14,662] [ERROR] [json_handler] 权限错误 (尝试 1/3): [WinError 5] 拒绝访问。: 'D:\\code\\ULTIMATE_WEB\\comic_backend\\data\\meta_data\\comic_db_7k06m_gx.json' -> 'data/meta_data/comics_database.json'
[2026-02-28 01:55:14,875] [ERROR] [json_handler] 权限错误 (尝试 2/3): [WinError 5] 拒绝访问。: 'D:\\code\\ULTIMATE_WEB\\comic_backend\\data\\meta_data\\comic_db_qbvg37r3.json' -> 'data/meta_data/comics_database.json'
[2026-02-28 01:55:22,421] [ERROR] [json_handler] 权限错误 (尝试 1/3): [WinError 5] 拒绝访问。: 'D:\\code\\ULTIMATE_WEB\\comic_backend\\data\\meta_data\\comic_db_cdvpgo0k.json' -> 'data/meta_data/comics_database.json'
[2026-02-28 01:59:02,052] [ERROR] [json_handler] 权限错误 (尝试 1/3): [WinError 5] 拒绝访问。: 'D:\\code\\ULTIMATE_WEB\\comic_backend\\data\\meta_data\\comic_db_a8b2i7an.json' -> 'data/meta_data/comics_database.json'
[2026-02-28 01:59:03,685] [ERROR] [json_handler] 权限错误 (尝试 1/3): [WinError 5] 拒绝访问。: 'D:\\code\\ULTIMATE_WEB\\comic_backend\\data\\meta_data\\comic_db_pjovwl9h.json' -> 'data/meta_data/comics_database.json'
[2026-02-28 01:59:04,105] [ERROR] [json_handler] 权限错误 (尝试 2/3): [WinError 5] 拒绝访问。: 'D:\\code\\ULTIMATE_WEB\\comic_backend\\data\\meta_data\\comic_db_z8iank_7.json' -> 'data/meta_data/comics_database.json'
[2026-02-28 01:59:11,703] [ERROR] [json_handler] 权限错误 (尝试 1/3): [WinError 5] 拒绝访问。: 'D:\\code\\ULTIMATE_WEB\\comic_backend\\data\\meta_data\\comic_db_54us4pzl.json' -> 'data/meta_data/comics_database.json'
[2026-02-28 01:59:12,342] [ERROR] [json_handler] 读取 JSON 文件失败: [Errno 9] Bad file descriptor
[2026-02-28 01:59:12,345] [ERROR] [json_handler] 权限错误 (尝试 1/3): [WinError 5] 拒绝访问。: 'D:\\code\\ULTIMATE_WEB\\comic_backend\\data\\meta_data\\comic_db_n5_tnscm.json' -> 'data/meta_data/comics_database.json'
[2026-02-28 01:59:14,094] [ERROR] [json_handler] 删除锁文件失败: [WinError 2] 系统找不到指定的文件。: 'data/meta_data/comics_database.json.lock'
[2026-02-28 01:59:42,825] [ERROR] [json_handler] 权限错误 (尝试 1/3): [WinError 5] 拒绝访问。: 'D:\\code\\ULTIMATE_WEB\\comic_backend\\data\\meta_data\\comic_db_ltxsjy6t.json' -> 'data/meta_data/comics_database.json'
[2026-02-28 01:59:55,333] [ERROR] [json_handler] 删除锁文件失败: [WinError 2] 系统找不到指定的文件。: 'data/meta_data/comics_database.json.lock'
[2026-02-28 02:02:36,174] [ERROR] [json_handler] 权限错误 (尝试 1/3): [WinError 5] 拒绝访问。: 'D:\\code\\ULTIMATE_WEB\\comic_backend\\data\\meta_data\\comic_db_c7y6mvcs.json' -> 'data/meta_data/comics_database.json'
[2026-02-28 02:02:39,429] [ERROR] [json_handler] 权限错误 (尝试 1/3): [WinError 5] 拒绝访问。: 'D:\\code\\ULTIMATE_WEB\\comic_backend\\data\\meta_data\\comic_db_hj3kwz63.json' -> 'data/meta_data/comics_database.json'
[2026-02-28 02:02:39,555] [ERROR] [json_handler] 权限错误 (尝试 1/3): [WinError 5] 拒绝访问。: 'D:\\code\\ULTIMATE_WEB\\comic_backend\\data\\meta_data\\comic_db_d4r6t_f1.json' -> 'data/meta_data/comics_database.json'
[2026-02-28 02:02:44,429] [ERROR] [json_handler] 权限错误 (尝试 1/3): [WinError 5] 拒绝访问。: 'D:\\code\\ULTIMATE_WEB\\comic_backend\\data\\meta_data\\comic_db_085vdr2b.json' -> 'data/meta_data/comics_database.json'
[2026-02-28 02:02:44,446] [ERROR] [json_handler] 权限错误 (尝试 1/3): [WinError 5] 拒绝访问。: 'D:\\code\\ULTIMATE_WEB\\comic_backend\\data\\meta_data\\comic_db_sw5f8f4e.json' -> 'data/meta_data/comics_database.json'
[2026-02-28 02:02:44,767] [ERROR] [json_handler] 权限错误 (尝试 1/3): [WinError 5] 拒绝访问。: 'D:\\code\\ULTIMATE_WEB\\comic_backend\\data\\meta_data\\comic_db_5nob3afm.json' -> 'data/meta_data/comics_database.json'
[2026-02-28 02:02:47,417] [ERROR] [json_handler] 权限错误 (尝试 1/3): [WinError 5] 拒绝访问。: 'D:\\code\\ULTIMATE_WEB\\comic_backend\\data\\meta_data\\comic_db_ddlr2htw.json' -> 'data/meta_data/comics_database.json'
[2026-02-28 02:02:58,810] [ERROR] [json_handler] 权限错误 (尝试 1/3): [WinError 5] 拒绝访问。: 'D:\\code\\ULTIMATE_WEB\\comic_backend\\data\\meta_data\\comic_db_hvzw9zat.json' -> 'data/meta_data/comics_database.json'
[2026-02-28 02:03:00,747] [ERROR] [json_handler] 权限错误 (尝试 1/3): [WinError 5] 拒绝访问。: 'D:\\code\\ULTIMATE_WEB\\comic_backend\\data\\meta_data\\comic_db_zvxvcm9r.json' -> 'data/meta_data/comics_database.json'
[2026-02-28 02:03:01,052] [ERROR] [json_handler] 权限错误 (尝试 1/3): [WinError 5] 拒绝访问。: 'D:\\code\\ULTIMATE_WEB\\comic_backend\\data\\meta_data\\comic_db_iap8_if1.json' -> 'data/meta_data/comics_database.json'
[2026-02-28 02:03:01,165] [ERROR] [json_handler] 权限错误 (尝试 1/3): [WinError 5] 拒绝访问。: 'D:\\code\\ULTIMATE_WEB\\comic_backend\\data\\meta_data\\comic_db_btmbwue5.json' -> 'data/meta_data/comics_database.json'
[2026-02-28 02:03:01,170] [ERROR] [json_handler] 权限错误 (尝试 1/3): [WinError 5] 拒绝访问。: 'D:\\code\\ULTIMATE_WEB\\comic_backend\\data\\meta_data\\comic_db_prliggn9.json' -> 'data/meta_data/comics_database.json'
[2026-02-28 02:03:01,177] [ERROR] [json_handler] 权限错误 (尝试 1/3): [WinError 5] 拒绝访问。: 'D:\\code\\ULTIMATE_WEB\\comic_backend\\data\\meta_data\\comic_db_7d8031y8.json' -> 'data/meta_data/comics_database.json'
[2026-02-28 02:03:01,456] [ERROR] [json_handler] 权限错误 (尝试 1/3): [WinError 5] 拒绝访问。: 'D:\\code\\ULTIMATE_WEB\\comic_backend\\data\\meta_data\\comic_db_b07hqm6z.json' -> 'data/meta_data/comics_database.json'
[2026-02-28 02:03:01,681] [ERROR] [json_handler] 权限错误 (尝试 1/3): [WinError 5] 拒绝访问。: 'D:\\code\\ULTIMATE_WEB\\comic_backend\\data\\meta_data\\comic_db_e_farbxc.json' -> 'data/meta_data/comics_database.json'
[2026-02-28 02:03:01,758] [ERROR] [json_handler] 权限错误 (尝试 1/3): [WinError 5] 拒绝访问。: 'D:\\code\\ULTIMATE_WEB\\comic_backend\\data\\meta_data\\comic_db_1s09c8af.json' -> 'data/meta_data/comics_database.json'
[2026-02-28 02:03:11,083] [ERROR] [json_handler] 权限错误 (尝试 1/3): [WinError 5] 拒绝访问。: 'D:\\code\\ULTIMATE_WEB\\comic_backend\\data\\meta_data\\comic_db_mxnn1t77.json' -> 'data/meta_data/comics_database.json'
[2026-02-28 02:03:11,307] [ERROR] [json_handler] 权限错误 (尝试 1/3): [WinError 5] 拒绝访问。: 'D:\\code\\ULTIMATE_WEB\\comic_backend\\data\\meta_data\\comic_db_id69lhg0.json' -> 'data/meta_data/comics_database.json'
[2026-02-28 02:03:11,309] [ERROR] [json_handler] 写入 JSON 文件失败 (尝试 1/3): [Errno 9] Bad file descriptor
[2026-02-28 02:03:13,345] [ERROR] [json_handler] 权限错误 (尝试 1/3): [WinError 5] 拒绝访问。: 'D:\\code\\ULTIMATE_WEB\\comic_backend\\data\\meta_data\\comic_db_8em9od8x.json' -> 'data/meta_data/comics_database.json'
[2026-02-28 02:03:21,766] [ERROR] [json_handler] 权限错误 (尝试 1/3): [WinError 5] 拒绝访问。: 'D:\\code\\ULTIMATE_WEB\\comic_backend\\data\\meta_data\\comic_db_ysfhj4tq.json' -> 'data/meta_data/comics_database.json'
[2026-02-28 02:03:22,379] [ERROR] [json_handler] 读取 JSON 文件失败: [Errno 13] Permission denied: 'data/meta_data/comics_database.json'
[2026-02-28 02:09:45,916] [ERROR] [json_handler] 权限错误 (尝试 1/3): [WinError 5] 拒绝访问。: 'D:\\code\\ULTIMATE_WEB\\comic_backend\\data\\meta_data\\comic_db_sxi_q3c7.json' -> 'data/meta_data/comics_database.json'
[2026-02-28 02:09:51,162] [ERROR] [json_handler] 读取 JSON 文件失败: [Errno 9] Bad file descriptor
[2026-02-28 02:09:51,165] [ERROR] [json_handler] 权限错误 (尝试 1/3): [WinError 5] 拒绝访问。: 'D:\\code\\ULTIMATE_WEB\\comic_backend\\data\\meta_data\\comic_db_rqu5_dxr.json' -> 'data/meta_data/comics_database.json'
[2026-02-28 02:09:58,849] [ERROR] [json_handler] 权限错误 (尝试 1/3): [WinError 5] 拒绝访问。: 'D:\\code\\ULTIMATE_WEB\\comic_backend\\data\\meta_data\\comic_db_08p9rrry.json' -> 'data/meta_data/comics_database.json'
[2026-02-28 02:09:58,954] [ERROR] [json_handler] 删除锁文件失败: [WinError 2] 系统找不到指定的文件。: 'data/meta_data/comics_database.json.lock'
[2026-02-28 02:09:58,955] [ERROR] [json_handler] 权限错误 (尝试 1/3): [WinError 5] 拒绝访问。: 'D:\\code\\ULTIMATE_WEB\\comic_backend\\data\\meta_data\\comic_db_6jx7e9fv.json' -> 'data/meta_data/comics_database.json'
[2026-02-28 02:10:01,317] [ERROR] [json_handler] 权限错误 (尝试 1/3): [WinError 5] 拒绝访问。: 'D:\\code\\ULTIMATE_WEB\\comic_backend\\data\\meta_data\\comic_db_fp1duvj_.json' -> 'data/meta_data/comics_database.json'
[2026-02-28 02:10:01,487] [ERROR] [json_handler] 权限错误 (尝试 1/3): [WinError 5] 拒绝访问。: 'D:\\code\\ULTIMATE_WEB\\comic_backend\\data\\meta_data\\comic_db_h75yb0r9.json' -> 'data/meta_data/comics_database.json'
[2026-02-28 02:10:02,005] [ERROR] [json_handler] 权限错误 (尝试 1/3): [WinError 5] 拒绝访问。: 'D:\\code\\ULTIMATE_WEB\\comic_backend\\data\\meta_data\\comic_db_4ckbaqnw.json' -> 'data/meta_data/comics_database.json'
[2026-02-28 02:10:02,005] [ERROR] [json_handler] 写入 JSON 文件失败 (尝试 1/3): [Errno 9] Bad file descriptor
[2026-02-28 02:10:14,394] [ERROR] [json_handler] 权限错误 (尝试 1/3): [WinError 5] 拒绝访问。: 'D:\\code\\ULTIMATE_WEB\\comic_backend\\data\\meta_data\\comic_db_wsorzet7.json' -> 'data/meta_data/comics_database.json'
[2026-02-28 02:10:31,040] [ERROR] [json_handler] 权限错误 (尝试 1/3): [WinError 5] 拒绝访问。: 'D:\\code\\ULTIMATE_WEB\\comic_backend\\data\\meta_data\\comic_db_mi99ezb3.json' -> 'data/meta_data/comics_database.json'
[2026-02-28 02:10:31,045] [ERROR] [json_handler] 权限错误 (尝试 1/3): [WinError 5] 拒绝访问。: 'D:\\code\\ULTIMATE_WEB\\comic_backend\\data\\meta_data\\comic_db_m_7yts07.json' -> 'data/meta_data/comics_database.json'
[2026-02-28 02:10:36,243] [ERROR] [json_handler] 权限错误 (尝试 1/3): [WinError 5] 拒绝访问。: 'D:\\code\\ULTIMATE_WEB\\comic_backend\\data\\meta_data\\comic_db_ytwvp3ko.json' -> 'data/meta_data/comics_database.json'
[2026-02-28 02:10:53,923] [ERROR] [json_handler] 删除锁文件失败: [WinError 32] 另一个程序正在使用此文件，进程无法访问。: 'data/meta_data/comics_database.json.lock'
[2026-02-28 02:10:53,923] [ERROR] [json_handler] 权限错误 (尝试 1/3): [WinError 5] 拒绝访问。: 'D:\\code\\ULTIMATE_WEB\\comic_backend\\data\\meta_data\\comic_db_c0arwb_p.json' -> 'data/meta_data/comics_database.json'
[2026-02-28 02:10:54,360] [ERROR] [json_handler] 权限错误 (尝试 1/3): [WinError 5] 拒绝访问。: 'D:\\code\\ULTIMATE_WEB\\comic_backend\\data\\meta_data\\comic_db_ilzrnxu9.json' -> 'data/meta_data/comics_database.json'
[2026-02-28 02:10:54,374] [ERROR] [json_handler] 权限错误 (尝试 1/3): [WinError 5] 拒绝访问。: 'D:\\code\\ULTIMATE_WEB\\comic_backend\\data\\meta_data\\comic_db_sr9ovr34.json' -> 'data/meta_data/comics_database.json'
[2026-02-28 02:10:54,589] [ERROR] [json_handler] 读取 JSON 文件失败: [Errno 9] Bad file descriptor
[2026-02-28 02:10:54,590] [ERROR] [json_handler] 权限错误 (尝试 2/3): [WinError 5] 拒绝访问。: 'D:\\code\\ULTIMATE_WEB\\comic_backend\\data\\meta_data\\comic_db_kff2yghb.json' -> 'data/meta_data/comics_database.json'
[2026-02-28 02:10:56,868] [ERROR] [json_handler] 权限错误 (尝试 1/3): [WinError 5] 拒绝访问。: 'D:\\code\\ULTIMATE_WEB\\comic_backend\\data\\meta_data\\comic_db_ppjhbil5.json' -> 'data/meta_data/comics_database.json'
[2026-02-28 02:10:58,244] [ERROR] [json_handler] 权限错误 (尝试 1/3): [WinError 5] 拒绝访问。: 'D:\\code\\ULTIMATE_WEB\\comic_backend\\data\\meta_data\\comic_db_jn9viyfu.json' -> 'data/meta_data/comics_database.json'
[2026-02-28 02:10:58,370] [ERROR] [json_handler] 读取 JSON 文件失败: [Errno 9] Bad file descriptor
[2026-02-28 02:10:58,371] [ERROR] [json_handler] 权限错误 (尝试 1/3): [WinError 5] 拒绝访问。: 'D:\\code\\ULTIMATE_WEB\\comic_backend\\data\\meta_data\\comic_db_pzwgarup.json' -> 'data/meta_data/comics_database.json'
[2026-02-28 02:10:59,338] [ERROR] [json_handler] 读取 JSON 文件失败: [WinError 6] 句柄无效。
[2026-02-28 02:10:59,338] [ERROR] [json_handler] 读取 JSON 文件失败: [Errno 9] Bad file descriptor
[2026-02-28 02:10:59,339] [ERROR] [json_handler] 权限错误 (尝试 1/3): [WinError 5] 拒绝访问。: 'D:\\code\\ULTIMATE_WEB\\comic_backend\\data\\meta_data\\comic_db_ul2mwuad.json' -> 'data/meta_data/comics_database.json'
[2026-02-28 02:11:33,316] [ERROR] [json_handler] 读取 JSON 文件失败: [Errno 9] Bad file descriptor
[2026-02-28 02:11:33,319] [ERROR] [json_handler] 权限错误 (尝试 1/3): [WinError 5] 拒绝访问。: 'D:\\code\\ULTIMATE_WEB\\comic_backend\\data\\meta_data\\comic_db_h9k36clk.json' -> 'data/meta_data/comics_database.json'
[2026-02-28 02:11:36,588] [ERROR] [json_handler] 权限错误 (尝试 1/3): [WinError 5] 拒绝访问。: 'D:\\code\\ULTIMATE_WEB\\comic_backend\\data\\meta_data\\comic_db_vgxr734o.json' -> 'data/meta_data/comics_database.json'
[2026-02-28 02:15:21,414] [ERROR] [json_handler] 权限错误 (尝试 1/3): [WinError 5] 拒绝访问。: 'D:\\code\\ULTIMATE_WEB\\comic_backend\\data\\meta_data\\comic_db_1_zr2n28.json' -> 'data/meta_data/comics_database.json'
[2026-02-28 02:15:29,821] [ERROR] [json_handler] 权限错误 (尝试 1/3): [WinError 5] 拒绝访问。: 'D:\\code\\ULTIMATE_WEB\\comic_backend\\data\\meta_data\\comic_db_393ce8r8.json' -> 'data/meta_data/comics_database.json'
[2026-02-28 02:15:31,249] [ERROR] [json_handler] 读取 JSON 文件失败: [Errno 9] Bad file descriptor
[2026-02-28 02:15:31,261] [ERROR] [json_handler] 删除锁文件失败: [WinError 32] 另一个程序正在使用此文件，进程无法访问。: 'data/meta_data/comics_database.json.lock'
[2026-02-28 02:15:31,262] [ERROR] [json_handler] 权限错误 (尝试 1/3): [WinError 5] 拒绝访问。: 'D:\\code\\ULTIMATE_WEB\\comic_backend\\data\\meta_data\\comic_db_zkfug9em.json' -> 'data/meta_data/comics_database.json'
[2026-02-28 02:15:33,326] [ERROR] [json_handler] 读取 JSON 文件失败: [Errno 13] Permission denied: 'data/meta_data/comics_database.json'
[2026-02-28 02:15:48,877] [ERROR] [json_handler] 权限错误 (尝试 1/3): [WinError 5] 拒绝访问。: 'D:\\code\\ULTIMATE_WEB\\comic_backend\\data\\meta_data\\comic_db_r6xkkf_o.json' -> 'data/meta_data/comics_database.json'
[2026-02-28 02:18:41,381] [ERROR] [json_handler] 权限错误 (尝试 1/3): [WinError 5] 拒绝访问。: 'D:\\code\\ULTIMATE_WEB\\comic_backend\\data\\meta_data\\comic_db_5h196j4j.json' -> 'data/meta_data/comics_database.json'
[2026-02-28 02:18:43,438] [ERROR] [json_handler] 权限错误 (尝试 1/3): [WinError 5] 拒绝访问。: 'D:\\code\\ULTIMATE_WEB\\comic_backend\\data\\meta_data\\comic_db_sbro1rw8.json' -> 'data/meta_data/comics_database.json'
[2026-02-28 02:19:01,373] [ERROR] [json_handler] 权限错误 (尝试 1/3): [WinError 5] 拒绝访问。: 'D:\\code\\ULTIMATE_WEB\\comic_backend\\data\\meta_data\\comic_db_tivw51g_.json' -> 'data/meta_data/comics_database.json'
[2026-02-28 02:19:01,850] [ERROR] [json_handler] 权限错误 (尝试 1/3): [WinError 5] 拒绝访问。: 'D:\\code\\ULTIMATE_WEB\\comic_backend\\data\\meta_data\\comic_db_pjko5vdp.json' -> 'data/meta_data/comics_database.json'
[2026-02-28 02:19:08,817] [ERROR] [json_handler] 权限错误 (尝试 1/3): [WinError 5] 拒绝访问。: 'D:\\code\\ULTIMATE_WEB\\comic_backend\\data\\meta_data\\comic_db_pg5cbpv0.json' -> 'data/meta_data/comics_database.json'
[2026-02-28 02:19:09,027] [ERROR] [json_handler] 权限错误 (尝试 2/3): [WinError 5] 拒绝访问。: 'D:\\code\\ULTIMATE_WEB\\comic_backend\\data\\meta_data\\comic_db_86d21wif.json' -> 'data/meta_data/comics_database.json'
[2026-02-28 02:19:31,045] [ERROR] [json_handler] 权限错误 (尝试 1/3): [WinError 5] 拒绝访问。: 'D:\\code\\ULTIMATE_WEB\\comic_backend\\data\\meta_data\\comic_db_xjobrut4.json' -> 'data/meta_data/comics_database.json'
[2026-02-28 02:19:33,216] [ERROR] [json_handler] 权限错误 (尝试 1/3): [WinError 5] 拒绝访问。: 'D:\\code\\ULTIMATE_WEB\\comic_backend\\data\\meta_data\\comic_db_6sipv4fi.json' -> 'data/meta_data/comics_database.json'
[2026-02-28 02:19:33,225] [ERROR] [json_handler] 权限错误 (尝试 1/3): [WinError 5] 拒绝访问。: 'D:\\code\\ULTIMATE_WEB\\comic_backend\\data\\meta_data\\comic_db_ptbml9m3.json' -> 'data/meta_data/comics_database.json'
[2026-02-28 02:19:33,303] [ERROR] [json_handler] 权限错误 (尝试 1/3): [WinError 5] 拒绝访问。: 'D:\\code\\ULTIMATE_WEB\\comic_backend\\data\\meta_data\\comic_db_51yf01i8.json' -> 'data/meta_data/comics_database.json'
[2026-02-28 02:19:34,115] [ERROR] [json_handler] 权限错误 (尝试 1/3): [WinError 5] 拒绝访问。: 'D:\\code\\ULTIMATE_WEB\\comic_backend\\data\\meta_data\\comic_db_05gbinlx.json' -> 'data/meta_data/comics_database.json'
[2026-02-28 02:19:34,514] [ERROR] [json_handler] 读取 JSON 文件失败: [Errno 9] Bad file descriptor
[2026-02-28 02:19:34,516] [ERROR] [json_handler] 权限错误 (尝试 1/3): [WinError 5] 拒绝访问。: 'D:\\code\\ULTIMATE_WEB\\comic_backend\\data\\meta_data\\comic_db_8w76ob02.json' -> 'data/meta_data/comics_database.json'
[2026-02-28 02:19:42,214] [ERROR] [json_handler] 权限错误 (尝试 1/3): [WinError 5] 拒绝访问。: 'D:\\code\\ULTIMATE_WEB\\comic_backend\\data\\meta_data\\comic_db_accktyjd.json' -> 'data/meta_data/comics_database.json'
[2026-02-28 02:23:25,945] [ERROR] [json_handler] 删除锁文件失败: [WinError 32] 另一个程序正在使用此文件，进程无法访问。: 'data/meta_data/comics_database.json.lock'
[2026-02-28 02:23:30,405] [ERROR] [json_handler] 读取 JSON 文件失败: [Errno 13] Permission denied: 'data/meta_data/comics_database.json'
[2026-02-28 02:23:41,854] [ERROR] [json_handler] 权限错误 (尝试 1/3): [WinError 5] 拒绝访问。: 'D:\\code\\ULTIMATE_WEB\\comic_backend\\data\\meta_data\\comic_db_beb28gf8.json' -> 'data/meta_data/comics_database.json'
[2026-02-28 02:23:43,056] [ERROR] [json_handler] 读取 JSON 文件失败: [Errno 9] Bad file descriptor
[2026-02-28 02:23:43,058] [ERROR] [json_handler] 权限错误 (尝试 1/3): [WinError 5] 拒绝访问。: 'D:\\code\\ULTIMATE_WEB\\comic_backend\\data\\meta_data\\comic_db_bd8gmaks.json' -> 'data/meta_data/comics_database.json'
[2026-02-28 02:23:43,962] [ERROR] [json_handler] 读取 JSON 文件失败: [Errno 13] Permission denied: 'data/meta_data/comics_database.json'
[2026-02-28 02:24:12,547] [ERROR] [json_handler] 权限错误 (尝试 1/3): [WinError 5] 拒绝访问。: 'D:\\code\\ULTIMATE_WEB\\comic_backend\\data\\meta_data\\comic_db_eibny8ry.json' -> 'data/meta_data/comics_database.json'
[2026-02-28 02:24:12,570] [ERROR] [json_handler] 删除锁文件失败: [WinError 5] 拒绝访问。: 'data/meta_data/comics_database.json.lock'
[2026-02-28 02:24:23,511] [ERROR] [json_handler] 权限错误 (尝试 1/3): [WinError 5] 拒绝访问。: 'D:\\code\\ULTIMATE_WEB\\comic_backend\\data\\meta_data\\comic_db_rrf6m_nw.json' -> 'data/meta_data/comics_database.json'
[2026-02-28 02:24:28,293] [ERROR] [json_handler] 权限错误 (尝试 1/3): [WinError 5] 拒绝访问。: 'D:\\code\\ULTIMATE_WEB\\comic_backend\\data\\meta_data\\comic_db_xdulkih4.json' -> 'data/meta_data/comics_database.json'
[2026-02-28 02:24:28,504] [ERROR] [json_handler] 权限错误 (尝试 2/3): [WinError 5] 拒绝访问。: 'D:\\code\\ULTIMATE_WEB\\comic_backend\\data\\meta_data\\comic_db_xy0a_ano.json' -> 'data/meta_data/comics_database.json'
[2026-02-28 02:24:28,607] [ERROR] [json_handler] 权限错误 (尝试 1/3): [WinError 5] 拒绝访问。: 'D:\\code\\ULTIMATE_WEB\\comic_backend\\data\\meta_data\\comic_db_vh9qgs6b.json' -> 'data/meta_data/comics_database.json'
[2026-02-28 02:24:28,919] [ERROR] [json_handler] 权限错误 (尝试 3/3): [WinError 5] 拒绝访问。: 'D:\\code\\ULTIMATE_WEB\\comic_backend\\data\\meta_data\\comic_db_q7cbazvl.json' -> 'data/meta_data/comics_database.json'
[2026-02-28 02:25:14,501] [ERROR] [json_handler] 权限错误 (尝试 1/3): [WinError 5] 拒绝访问。: 'D:\\code\\ULTIMATE_WEB\\comic_backend\\data\\meta_data\\comic_db_dm_g11zk.json' -> 'data/meta_data/comics_database.json'
[2026-02-28 02:25:14,615] [ERROR] [json_handler] 权限错误 (尝试 1/3): [WinError 5] 拒绝访问。: 'D:\\code\\ULTIMATE_WEB\\comic_backend\\data\\meta_data\\comic_db_9tjtvp0h.json' -> 'data/meta_data/comics_database.json'
[2026-02-28 02:25:15,124] [ERROR] [json_handler] 权限错误 (尝试 1/3): [WinError 5] 拒绝访问。: 'D:\\code\\ULTIMATE_WEB\\comic_backend\\data\\meta_data\\comic_db_d1ethcb4.json' -> 'data/meta_data/comics_database.json'
[2026-02-28 02:25:15,135] [ERROR] [json_handler] 权限错误 (尝试 2/3): [WinError 5] 拒绝访问。: 'D:\\code\\ULTIMATE_WEB\\comic_backend\\data\\meta_data\\comic_db_sicjtcym.json' -> 'data/meta_data/comics_database.json'
[2026-02-28 02:25:24,029] [ERROR] [json_handler] 权限错误 (尝试 1/3): [WinError 5] 拒绝访问。: 'D:\\code\\ULTIMATE_WEB\\comic_backend\\data\\meta_data\\comic_db_y3rly897.json' -> 'data/meta_data/comics_database.json'
[2026-02-28 02:25:24,037] [ERROR] [json_handler] 权限错误 (尝试 1/3): [WinError 5] 拒绝访问。: 'D:\\code\\ULTIMATE_WEB\\comic_backend\\data\\meta_data\\comic_db_1tc0hi1w.json' -> 'data/meta_data/comics_database.json'
[2026-02-28 02:25:24,339] [ERROR] [json_handler] 读取 JSON 文件失败: [Errno 13] Permission denied: 'data/meta_data/comics_database.json'
[2026-02-28 02:25:33,023] [ERROR] [json_handler] 权限错误 (尝试 1/3): [WinError 5] 拒绝访问。: 'D:\\code\\ULTIMATE_WEB\\comic_backend\\data\\meta_data\\comic_db_f47g18ks.json' -> 'data/meta_data/comics_database.json'
[2026-02-28 02:25:33,220] [ERROR] [json_handler] 权限错误 (尝试 1/3): [WinError 5] 拒绝访问。: 'D:\\code\\ULTIMATE_WEB\\comic_backend\\data\\meta_data\\comic_db_ba2s3vkx.json' -> 'data/meta_data/comics_database.json'
[2026-02-28 02:25:43,262] [ERROR] [json_handler] 删除锁文件失败: [WinError 32] 另一个程序正在使用此文件，进程无法访问。: 'data/meta_data/comics_database.json.lock'
[2026-02-28 02:25:43,262] [ERROR] [json_handler] 权限错误 (尝试 1/3): [WinError 5] 拒绝访问。: 'D:\\code\\ULTIMATE_WEB\\comic_backend\\data\\meta_data\\comic_db_i7x87mv1.json' -> 'data/meta_data/comics_database.json'
[2026-02-28 02:25:43,274] [ERROR] [json_handler] 权限错误 (尝试 1/3): [WinError 5] 拒绝访问。: 'D:\\code\\ULTIMATE_WEB\\comic_backend\\data\\meta_data\\comic_db_8tbdgiue.json' -> 'data/meta_data/comics_database.json'
[2026-02-28 02:25:43,770] [ERROR] [json_handler] 权限错误 (尝试 1/3): [WinError 5] 拒绝访问。: 'D:\\code\\ULTIMATE_WEB\\comic_backend\\data\\meta_data\\comic_db_zgp14_ky.json' -> 'data/meta_data/comics_database.json'
[2026-02-28 02:25:43,875] [ERROR] [json_handler] 权限错误 (尝试 1/3): [WinError 5] 拒绝访问。: 'D:\\code\\ULTIMATE_WEB\\comic_backend\\data\\meta_data\\comic_db_rw0_vhij.json' -> 'data/meta_data/comics_database.json'
[2026-02-28 02:25:44,086] [ERROR] [json_handler] 权限错误 (尝试 2/3): [WinError 5] 拒绝访问。: 'D:\\code\\ULTIMATE_WEB\\comic_backend\\data\\meta_data\\comic_db_wbqf5oeb.json' -> 'data/meta_data/comics_database.json'
[2026-02-28 02:25:45,929] [ERROR] [json_handler] 删除锁文件失败: [WinError 32] 另一个程序正在使用此文件，进程无法访问。: 'data/meta_data/comics_database.json.lock'
[2026-02-28 02:25:45,946] [ERROR] [json_handler] 权限错误 (尝试 1/3): [WinError 5] 拒绝访问。: 'D:\\code\\ULTIMATE_WEB\\comic_backend\\data\\meta_data\\comic_db_o2d8g6_v.json' -> 'data/meta_data/comics_database.json'
[2026-02-28 02:25:52,782] [ERROR] [json_handler] 权限错误 (尝试 1/3): [WinError 5] 拒绝访问。: 'D:\\code\\ULTIMATE_WEB\\comic_backend\\data\\meta_data\\comic_db_13re24dq.json' -> 'data/meta_data/comics_database.json'
[2026-02-28 02:25:53,196] [ERROR] [json_handler] 删除锁文件失败: [WinError 32] 另一个程序正在使用此文件，进程无法访问。: 'data/meta_data/comics_database.json.lock'
[2026-02-28 02:25:53,323] [ERROR] [json_handler] 权限错误 (尝试 1/3): [WinError 5] 拒绝访问。: 'D:\\code\\ULTIMATE_WEB\\comic_backend\\data\\meta_data\\comic_db_419i64k7.json' -> 'data/meta_data/comics_database.json'
[2026-02-28 02:25:53,427] [ERROR] [json_handler] 读取 JSON 文件失败: [Errno 9] Bad file descriptor
[2026-02-28 02:25:53,430] [ERROR] [json_handler] 权限错误 (尝试 1/3): [WinError 5] 拒绝访问。: 'D:\\code\\ULTIMATE_WEB\\comic_backend\\data\\meta_data\\comic_db_3td87cbg.json' -> 'data/meta_data/comics_database.json'
[2026-02-28 02:25:53,651] [ERROR] [json_handler] 权限错误 (尝试 2/3): [WinError 5] 拒绝访问。: 'D:\\code\\ULTIMATE_WEB\\comic_backend\\data\\meta_data\\comic_db_zs1_ojnz.json' -> 'data/meta_data/comics_database.json'
[2026-02-28 02:26:03,125] [ERROR] [json_handler] 权限错误 (尝试 1/3): [WinError 5] 拒绝访问。: 'D:\\code\\ULTIMATE_WEB\\comic_backend\\data\\meta_data\\comic_db_feu4du5_.json' -> 'data/meta_data/comics_database.json'
[2026-02-28 02:26:07,956] [ERROR] [json_handler] 权限错误 (尝试 1/3): [WinError 5] 拒绝访问。: 'D:\\code\\ULTIMATE_WEB\\comic_backend\\data\\meta_data\\comic_db__57iwhoq.json' -> 'data/meta_data/comics_database.json'
[2026-02-28 02:26:08,146] [ERROR] [json_handler] 权限错误 (尝试 1/3): [WinError 5] 拒绝访问。: 'D:\\code\\ULTIMATE_WEB\\comic_backend\\data\\meta_data\\comic_db_tdj34npc.json' -> 'data/meta_data/comics_database.json'
[2026-02-28 02:26:08,251] [ERROR] [json_handler] 权限错误 (尝试 1/3): [WinError 5] 拒绝访问。: 'D:\\code\\ULTIMATE_WEB\\comic_backend\\data\\meta_data\\comic_db_l86kzq5y.json' -> 'data/meta_data/comics_database.json'
[2026-02-28 02:26:18,769] [ERROR] [json_handler] 读取 JSON 文件失败: [Errno 9] Bad file descriptor
[2026-02-28 02:26:18,769] [ERROR] [json_handler] 权限错误 (尝试 1/3): [WinError 5] 拒绝访问。: 'D:\\code\\ULTIMATE_WEB\\comic_backend\\data\\meta_data\\comic_db_kewz92gd.json' -> 'data/meta_data/comics_database.json'
[2026-02-28 02:26:18,876] [ERROR] [json_handler] 权限错误 (尝试 1/3): [WinError 5] 拒绝访问。: 'D:\\code\\ULTIMATE_WEB\\comic_backend\\data\\meta_data\\comic_db_zlz1pyhb.json' -> 'data/meta_data/comics_database.json'
[2026-02-28 02:26:24,191] [ERROR] [json_handler] 权限错误 (尝试 1/3): [WinError 5] 拒绝访问。: 'D:\\code\\ULTIMATE_WEB\\comic_backend\\data\\meta_data\\comic_db_bgepos36.json' -> 'data/meta_data/comics_database.json'
[2026-02-28 02:26:24,666] [ERROR] [json_handler] 权限错误 (尝试 1/3): [WinError 5] 拒绝访问。: 'D:\\code\\ULTIMATE_WEB\\comic_backend\\data\\meta_data\\comic_db_gg7k5a3n.json' -> 'data/meta_data/comics_database.json'
